<?xml version="1.0" encoding="utf-8"?>
<CoverageSession xmlns:xsd="http://www.w3.org/2001/XMLSchema" xmlns:xsi="http://www.w3.org/2001/XMLSchema-instance" Version="4.6.0.0">
  <Summary numSequencePoints="290" visitedSequencePoints="0" numBranchPoints="72" visitedBranchPoints="0" sequenceCoverage="0" branchCoverage="0" maxCyclomaticComplexity="3" minCyclomaticComplexity="1" maxCrapScore="12" minCrapScore="2" visitedClasses="0" numClasses="26" visitedMethods="0" numMethods="68" />
  <Modules>
    <Module hash="A9-0E-B2-D9-B3-89-DC-97-27-B4-53-27-43-F8-C8-E6-8A-E6-26-44">
      <Summary numSequencePoints="290" visitedSequencePoints="0" numBranchPoints="72" visitedBranchPoints="0" sequenceCoverage="0" branchCoverage="0" maxCyclomaticComplexity="3" minCyclomaticComplexity="1" maxCrapScore="12" minCrapScore="2" visitedClasses="0" numClasses="26" visitedMethods="0" numMethods="68" />
      <ModulePath>C:\Users\lucho\OneDrive\Desktop\Mov4e\Mov4eTests\bin\Debug\Mov4eTests.dll</ModulePath>
      <ModuleTime>2020-05-07T15:58:19.6991375Z</ModuleTime>
      <ModuleName>Mov4eTests</ModuleName>
      <Files>
        <File uid="1" fullPath="C:\Users\lucho\OneDrive\Desktop\Mov4e\Mov4eTests\ValidationTests\RegisterValidationTests.cs" />
        <File uid="3" fullPath="C:\Users\lucho\OneDrive\Desktop\Mov4e\Mov4eTests\ValidationTests\ValidateLoginTests.cs" />
        <File uid="5" fullPath="C:\Users\lucho\OneDrive\Desktop\Mov4e\Mov4eTests\ServiceTests\RegisterServiceTests\MockedDummyRegisterRepository.cs" />
        <File uid="6" fullPath="C:\Users\lucho\OneDrive\Desktop\Mov4e\Mov4eTests\ServiceTests\RegisterServiceTests\TestsRegisterService.cs" />
        <File uid="15" fullPath="C:\Users\lucho\OneDrive\Desktop\Mov4e\Mov4eTests\ServiceTests\LoginServiceTests\DummyMockedLoginRepository.cs" />
        <File uid="19" fullPath="C:\Users\lucho\OneDrive\Desktop\Mov4e\Mov4eTests\ServiceTests\LoginServiceTests\TestsLoginService.cs" />
        <File uid="21" fullPath="C:\Users\lucho\OneDrive\Desktop\Mov4e\Mov4eTests\PresenterTests\RegisterPresenterTests\MockedDummyRegisterRepository.cs" />
        <File uid="22" fullPath="C:\Users\lucho\OneDrive\Desktop\Mov4e\Mov4eTests\PresenterTests\RegisterPresenterTests\TestsRegisterPresenter.cs" />
        <File uid="24" fullPath="C:\Users\lucho\OneDrive\Desktop\Mov4e\Mov4eTests\PresenterTests\LogInPresenterTests\LogInServiceMockedDummy.cs" />
        <File uid="26" fullPath="C:\Users\lucho\OneDrive\Desktop\Mov4e\Mov4eTests\PresenterTests\LogInPresenterTests\TestsLogInPresenter.cs" />
      </Files>
      <Classes>
        <Class>
          <Summary numSequencePoints="31" visitedSequencePoints="0" numBranchPoints="12" visitedBranchPoints="0" sequenceCoverage="0" branchCoverage="0" maxCyclomaticComplexity="2" minCyclomaticComplexity="1" maxCrapScore="6" minCrapScore="2" visitedClasses="0" numClasses="1" visitedMethods="0" numMethods="12" />
          <FullName>Mov4eTests.ValidationTests.RegisterValidationTests</FullName>
          <Methods>
            <Method visited="false" cyclomaticComplexity="1" nPathComplexity="0" sequenceCoverage="0" branchCoverage="0" crapScore="2" isConstructor="false" isStatic="false" isGetter="false" isSetter="false">
              <Summary numSequencePoints="3" visitedSequencePoints="0" numBranchPoints="1" visitedBranchPoints="0" sequenceCoverage="0" branchCoverage="0" maxCyclomaticComplexity="1" minCyclomaticComplexity="1" maxCrapScore="2" minCrapScore="2" visitedClasses="0" numClasses="0" visitedMethods="0" numMethods="1" />
              <MetadataToken>100663297</MetadataToken>
              <Name>System.Void Mov4eTests.ValidationTests.RegisterValidationTests::isUserNameTakenThrowsException()</Name>
              <FileRef uid="1" />
              <SequencePoints>
                <SequencePoint vc="0" uspid="1" ordinal="0" offset="0" sl="20" sc="9" el="20" ec="10" bec="0" bev="0" fileid="1" />
                <SequencePoint vc="0" uspid="2" ordinal="1" offset="1" sl="21" sc="13" el="21" ec="115" bec="0" bev="0" fileid="1" />
                <SequencePoint vc="0" uspid="3" ordinal="2" offset="19" sl="23" sc="9" el="23" ec="10" bec="0" bev="0" fileid="1" />
              </SequencePoints>
              <BranchPoints />
              <MethodPoint xsi:type="SequencePoint" vc="0" uspid="1" ordinal="0" offset="0" sl="20" sc="9" el="20" ec="10" bec="0" bev="0" fileid="1" />
            </Method>
            <Method visited="false" cyclomaticComplexity="2" nPathComplexity="0" sequenceCoverage="0" branchCoverage="0" crapScore="6" isConstructor="false" isStatic="false" isGetter="false" isSetter="false">
              <Summary numSequencePoints="3" visitedSequencePoints="0" numBranchPoints="1" visitedBranchPoints="0" sequenceCoverage="0" branchCoverage="0" maxCyclomaticComplexity="2" minCyclomaticComplexity="2" maxCrapScore="6" minCrapScore="6" visitedClasses="0" numClasses="0" visitedMethods="0" numMethods="1" />
              <MetadataToken>100663298</MetadataToken>
              <Name>System.Void Mov4eTests.ValidationTests.RegisterValidationTests::isUserValidThrowsException()</Name>
              <FileRef uid="1" />
              <SequencePoints>
                <SequencePoint vc="0" uspid="4" ordinal="0" offset="0" sl="27" sc="9" el="27" ec="10" bec="0" bev="0" fileid="1" />
                <SequencePoint vc="0" uspid="5" ordinal="1" offset="1" sl="28" sc="13" el="28" ec="105" bec="0" bev="0" fileid="1" />
                <SequencePoint vc="0" uspid="6" ordinal="2" offset="38" sl="29" sc="9" el="29" ec="10" bec="0" bev="0" fileid="1" />
              </SequencePoints>
              <BranchPoints />
              <MethodPoint xsi:type="SequencePoint" vc="0" uspid="4" ordinal="0" offset="0" sl="27" sc="9" el="27" ec="10" bec="0" bev="0" fileid="1" />
            </Method>
            <Method visited="false" cyclomaticComplexity="2" nPathComplexity="0" sequenceCoverage="0" branchCoverage="0" crapScore="6" isConstructor="false" isStatic="false" isGetter="false" isSetter="false">
              <Summary numSequencePoints="3" visitedSequencePoints="0" numBranchPoints="1" visitedBranchPoints="0" sequenceCoverage="0" branchCoverage="0" maxCyclomaticComplexity="2" minCyclomaticComplexity="2" maxCrapScore="6" minCrapScore="6" visitedClasses="0" numClasses="0" visitedMethods="0" numMethods="1" />
              <MetadataToken>100663299</MetadataToken>
              <Name>System.Void Mov4eTests.ValidationTests.RegisterValidationTests::isPasswordisPasswordCorrectThrowsException()</Name>
              <FileRef uid="1" />
              <SequencePoints>
                <SequencePoint vc="0" uspid="9" ordinal="0" offset="0" sl="33" sc="9" el="33" ec="10" bec="0" bev="0" fileid="1" />
                <SequencePoint vc="0" uspid="10" ordinal="1" offset="1" sl="34" sc="13" el="34" ec="105" bec="0" bev="0" fileid="1" />
                <SequencePoint vc="0" uspid="11" ordinal="2" offset="38" sl="35" sc="9" el="35" ec="10" bec="0" bev="0" fileid="1" />
              </SequencePoints>
              <BranchPoints />
              <MethodPoint xsi:type="SequencePoint" vc="0" uspid="9" ordinal="0" offset="0" sl="33" sc="9" el="33" ec="10" bec="0" bev="0" fileid="1" />
            </Method>
            <Method visited="false" cyclomaticComplexity="2" nPathComplexity="0" sequenceCoverage="0" branchCoverage="0" crapScore="6" isConstructor="false" isStatic="false" isGetter="false" isSetter="false">
              <Summary numSequencePoints="3" visitedSequencePoints="0" numBranchPoints="1" visitedBranchPoints="0" sequenceCoverage="0" branchCoverage="0" maxCyclomaticComplexity="2" minCyclomaticComplexity="2" maxCrapScore="6" minCrapScore="6" visitedClasses="0" numClasses="0" visitedMethods="0" numMethods="1" />
              <MetadataToken>100663300</MetadataToken>
              <Name>System.Void Mov4eTests.ValidationTests.RegisterValidationTests::areFirstAndLastNameValidThrowsException()</Name>
              <FileRef uid="1" />
              <SequencePoints>
                <SequencePoint vc="0" uspid="14" ordinal="0" offset="0" sl="39" sc="9" el="39" ec="10" bec="0" bev="0" fileid="1" />
                <SequencePoint vc="0" uspid="15" ordinal="1" offset="1" sl="40" sc="13" el="40" ec="117" bec="0" bev="0" fileid="1" />
                <SequencePoint vc="0" uspid="16" ordinal="2" offset="38" sl="41" sc="9" el="41" ec="10" bec="0" bev="0" fileid="1" />
              </SequencePoints>
              <BranchPoints />
              <MethodPoint xsi:type="SequencePoint" vc="0" uspid="14" ordinal="0" offset="0" sl="39" sc="9" el="39" ec="10" bec="0" bev="0" fileid="1" />
            </Method>
            <Method visited="false" cyclomaticComplexity="2" nPathComplexity="0" sequenceCoverage="0" branchCoverage="0" crapScore="6" isConstructor="false" isStatic="false" isGetter="false" isSetter="false">
              <Summary numSequencePoints="3" visitedSequencePoints="0" numBranchPoints="1" visitedBranchPoints="0" sequenceCoverage="0" branchCoverage="0" maxCyclomaticComplexity="2" minCyclomaticComplexity="2" maxCrapScore="6" minCrapScore="6" visitedClasses="0" numClasses="0" visitedMethods="0" numMethods="1" />
              <MetadataToken>100663301</MetadataToken>
              <Name>System.Void Mov4eTests.ValidationTests.RegisterValidationTests::isEMailCorrectThrowsException()</Name>
              <FileRef uid="1" />
              <SequencePoints>
                <SequencePoint vc="0" uspid="19" ordinal="0" offset="0" sl="45" sc="9" el="45" ec="10" bec="0" bev="0" fileid="1" />
                <SequencePoint vc="0" uspid="20" ordinal="1" offset="1" sl="46" sc="13" el="46" ec="102" bec="0" bev="0" fileid="1" />
                <SequencePoint vc="0" uspid="21" ordinal="2" offset="38" sl="47" sc="9" el="47" ec="10" bec="0" bev="0" fileid="1" />
              </SequencePoints>
              <BranchPoints />
              <MethodPoint xsi:type="SequencePoint" vc="0" uspid="19" ordinal="0" offset="0" sl="45" sc="9" el="45" ec="10" bec="0" bev="0" fileid="1" />
            </Method>
            <Method visited="false" cyclomaticComplexity="2" nPathComplexity="0" sequenceCoverage="0" branchCoverage="0" crapScore="6" isConstructor="false" isStatic="false" isGetter="false" isSetter="false">
              <Summary numSequencePoints="3" visitedSequencePoints="0" numBranchPoints="1" visitedBranchPoints="0" sequenceCoverage="0" branchCoverage="0" maxCyclomaticComplexity="2" minCyclomaticComplexity="2" maxCrapScore="6" minCrapScore="6" visitedClasses="0" numClasses="0" visitedMethods="0" numMethods="1" />
              <MetadataToken>100663302</MetadataToken>
              <Name>System.Void Mov4eTests.ValidationTests.RegisterValidationTests::isEMailCorrectMailIsCorrect()</Name>
              <FileRef uid="1" />
              <SequencePoints>
                <SequencePoint vc="0" uspid="24" ordinal="0" offset="0" sl="51" sc="9" el="51" ec="10" bec="0" bev="0" fileid="1" />
                <SequencePoint vc="0" uspid="25" ordinal="1" offset="1" sl="52" sc="13" el="52" ec="88" bec="0" bev="0" fileid="1" />
                <SequencePoint vc="0" uspid="26" ordinal="2" offset="38" sl="53" sc="9" el="53" ec="10" bec="0" bev="0" fileid="1" />
              </SequencePoints>
              <BranchPoints />
              <MethodPoint xsi:type="SequencePoint" vc="0" uspid="24" ordinal="0" offset="0" sl="51" sc="9" el="51" ec="10" bec="0" bev="0" fileid="1" />
            </Method>
            <Method visited="false" cyclomaticComplexity="1" nPathComplexity="0" sequenceCoverage="0" branchCoverage="0" crapScore="2" isConstructor="false" isStatic="false" isGetter="false" isSetter="false">
              <Summary numSequencePoints="3" visitedSequencePoints="0" numBranchPoints="1" visitedBranchPoints="0" sequenceCoverage="0" branchCoverage="0" maxCyclomaticComplexity="1" minCyclomaticComplexity="1" maxCrapScore="2" minCrapScore="2" visitedClasses="0" numClasses="0" visitedMethods="0" numMethods="1" />
              <MetadataToken>100663303</MetadataToken>
              <Name>System.Void Mov4eTests.ValidationTests.RegisterValidationTests::isEMailTakenThrowsException()</Name>
              <FileRef uid="1" />
              <SequencePoints>
                <SequencePoint vc="0" uspid="29" ordinal="0" offset="0" sl="57" sc="9" el="57" ec="10" bec="0" bev="0" fileid="1" />
                <SequencePoint vc="0" uspid="30" ordinal="1" offset="1" sl="58" sc="13" el="58" ec="114" bec="0" bev="0" fileid="1" />
                <SequencePoint vc="0" uspid="31" ordinal="2" offset="19" sl="59" sc="9" el="59" ec="10" bec="0" bev="0" fileid="1" />
              </SequencePoints>
              <BranchPoints />
              <MethodPoint xsi:type="SequencePoint" vc="0" uspid="29" ordinal="0" offset="0" sl="57" sc="9" el="57" ec="10" bec="0" bev="0" fileid="1" />
            </Method>
            <Method visited="false" cyclomaticComplexity="2" nPathComplexity="0" sequenceCoverage="0" branchCoverage="0" crapScore="6" isConstructor="false" isStatic="false" isGetter="false" isSetter="false">
              <Summary numSequencePoints="3" visitedSequencePoints="0" numBranchPoints="1" visitedBranchPoints="0" sequenceCoverage="0" branchCoverage="0" maxCyclomaticComplexity="2" minCyclomaticComplexity="2" maxCrapScore="6" minCrapScore="6" visitedClasses="0" numClasses="0" visitedMethods="0" numMethods="1" />
              <MetadataToken>100663304</MetadataToken>
              <Name>System.Void Mov4eTests.ValidationTests.RegisterValidationTests::isGenderValidThrowsException()</Name>
              <FileRef uid="1" />
              <SequencePoints>
                <SequencePoint vc="0" uspid="32" ordinal="0" offset="0" sl="63" sc="9" el="63" ec="10" bec="0" bev="0" fileid="1" />
                <SequencePoint vc="0" uspid="33" ordinal="1" offset="1" sl="64" sc="13" el="64" ec="101" bec="0" bev="0" fileid="1" />
                <SequencePoint vc="0" uspid="34" ordinal="2" offset="38" sl="65" sc="9" el="65" ec="10" bec="0" bev="0" fileid="1" />
              </SequencePoints>
              <BranchPoints />
              <MethodPoint xsi:type="SequencePoint" vc="0" uspid="32" ordinal="0" offset="0" sl="63" sc="9" el="63" ec="10" bec="0" bev="0" fileid="1" />
            </Method>
            <Method visited="false" cyclomaticComplexity="2" nPathComplexity="0" sequenceCoverage="0" branchCoverage="0" crapScore="6" isConstructor="false" isStatic="false" isGetter="false" isSetter="false">
              <Summary numSequencePoints="3" visitedSequencePoints="0" numBranchPoints="1" visitedBranchPoints="0" sequenceCoverage="0" branchCoverage="0" maxCyclomaticComplexity="2" minCyclomaticComplexity="2" maxCrapScore="6" minCrapScore="6" visitedClasses="0" numClasses="0" visitedMethods="0" numMethods="1" />
              <MetadataToken>100663305</MetadataToken>
              <Name>System.Void Mov4eTests.ValidationTests.RegisterValidationTests::isAgeValidThrowsException()</Name>
              <FileRef uid="1" />
              <SequencePoints>
                <SequencePoint vc="0" uspid="37" ordinal="0" offset="0" sl="69" sc="9" el="69" ec="10" bec="0" bev="0" fileid="1" />
                <SequencePoint vc="0" uspid="38" ordinal="1" offset="1" sl="70" sc="13" el="70" ec="94" bec="0" bev="0" fileid="1" />
                <SequencePoint vc="0" uspid="39" ordinal="2" offset="38" sl="71" sc="9" el="71" ec="10" bec="0" bev="0" fileid="1" />
              </SequencePoints>
              <BranchPoints />
              <MethodPoint xsi:type="SequencePoint" vc="0" uspid="37" ordinal="0" offset="0" sl="69" sc="9" el="69" ec="10" bec="0" bev="0" fileid="1" />
            </Method>
            <Method visited="false" cyclomaticComplexity="1" nPathComplexity="0" sequenceCoverage="0" branchCoverage="0" crapScore="2" isConstructor="true" isStatic="false" isGetter="false" isSetter="false">
              <Summary numSequencePoints="2" visitedSequencePoints="0" numBranchPoints="1" visitedBranchPoints="0" sequenceCoverage="0" branchCoverage="0" maxCyclomaticComplexity="1" minCyclomaticComplexity="1" maxCrapScore="2" minCrapScore="2" visitedClasses="0" numClasses="0" visitedMethods="0" numMethods="1" />
              <MetadataToken>100663306</MetadataToken>
              <Name>System.Void Mov4eTests.ValidationTests.RegisterValidationTests::.ctor()</Name>
              <FileRef uid="1" />
              <SequencePoints>
                <SequencePoint vc="0" uspid="42" ordinal="0" offset="0" sl="15" sc="9" el="15" ec="71" bec="0" bev="0" fileid="1" />
                <SequencePoint vc="0" uspid="43" ordinal="1" offset="35" sl="16" sc="9" el="16" ec="79" bec="0" bev="0" fileid="1" />
              </SequencePoints>
              <BranchPoints />
              <MethodPoint xsi:type="SequencePoint" vc="0" uspid="42" ordinal="0" offset="0" sl="15" sc="9" el="15" ec="71" bec="0" bev="0" fileid="1" />
            </Method>
            <Method visited="false" cyclomaticComplexity="1" nPathComplexity="0" sequenceCoverage="0" branchCoverage="0" crapScore="2" isConstructor="false" isStatic="false" isGetter="false" isSetter="false">
              <Summary numSequencePoints="1" visitedSequencePoints="0" numBranchPoints="1" visitedBranchPoints="0" sequenceCoverage="0" branchCoverage="0" maxCyclomaticComplexity="1" minCyclomaticComplexity="1" maxCrapScore="2" minCrapScore="2" visitedClasses="0" numClasses="0" visitedMethods="0" numMethods="1" />
              <MetadataToken>100663307</MetadataToken>
              <Name>System.Void Mov4eTests.ValidationTests.RegisterValidationTests::&lt;isUserNameTakenThrowsException&gt;b__2_0()</Name>
              <FileRef uid="1" />
              <SequencePoints>
                <SequencePoint vc="0" uspid="44" ordinal="0" offset="0" sl="21" sc="61" el="21" ec="113" bec="0" bev="0" fileid="1" />
              </SequencePoints>
              <BranchPoints />
              <MethodPoint xsi:type="SequencePoint" vc="0" uspid="44" ordinal="0" offset="0" sl="21" sc="61" el="21" ec="113" bec="0" bev="0" fileid="1" />
            </Method>
            <Method visited="false" cyclomaticComplexity="1" nPathComplexity="0" sequenceCoverage="0" branchCoverage="0" crapScore="2" isConstructor="false" isStatic="false" isGetter="false" isSetter="false">
              <Summary numSequencePoints="1" visitedSequencePoints="0" numBranchPoints="1" visitedBranchPoints="0" sequenceCoverage="0" branchCoverage="0" maxCyclomaticComplexity="1" minCyclomaticComplexity="1" maxCrapScore="2" minCrapScore="2" visitedClasses="0" numClasses="0" visitedMethods="0" numMethods="1" />
              <MetadataToken>100663308</MetadataToken>
              <Name>System.Void Mov4eTests.ValidationTests.RegisterValidationTests::&lt;isEMailTakenThrowsException&gt;b__8_0()</Name>
              <FileRef uid="1" />
              <SequencePoints>
                <SequencePoint vc="0" uspid="45" ordinal="0" offset="0" sl="58" sc="61" el="58" ec="112" bec="0" bev="0" fileid="1" />
              </SequencePoints>
              <BranchPoints />
              <MethodPoint xsi:type="SequencePoint" vc="0" uspid="45" ordinal="0" offset="0" sl="58" sc="61" el="58" ec="112" bec="0" bev="0" fileid="1" />
            </Method>
          </Methods>
        </Class>
        <Class>
          <Summary numSequencePoints="7" visitedSequencePoints="0" numBranchPoints="7" visitedBranchPoints="0" sequenceCoverage="0" branchCoverage="0" maxCyclomaticComplexity="1" minCyclomaticComplexity="1" maxCrapScore="2" minCrapScore="2" visitedClasses="0" numClasses="1" visitedMethods="0" numMethods="7" />
          <FullName>Mov4eTests.ValidationTests.RegisterValidationTests/&lt;&gt;c</FullName>
          <Methods>
            <Method visited="false" cyclomaticComplexity="1" nPathComplexity="0" sequenceCoverage="0" branchCoverage="0" crapScore="2" isConstructor="true" isStatic="true" isGetter="false" isSetter="false">
              <Summary numSequencePoints="0" visitedSequencePoints="0" numBranchPoints="0" visitedBranchPoints="0" sequenceCoverage="0" branchCoverage="0" maxCyclomaticComplexity="1" minCyclomaticComplexity="1" maxCrapScore="2" minCrapScore="2" visitedClasses="0" numClasses="0" visitedMethods="0" numMethods="0" />
              <MetadataToken>100663347</MetadataToken>
              <Name>System.Void Mov4eTests.ValidationTests.RegisterValidationTests/&lt;&gt;c::.cctor()</Name>
              <SequencePoints />
              <BranchPoints />
              <MethodPoint vc="0" uspid="46" ordinal="0" offset="0" />
            </Method>
            <Method visited="false" cyclomaticComplexity="1" nPathComplexity="0" sequenceCoverage="0" branchCoverage="0" crapScore="2" isConstructor="true" isStatic="false" isGetter="false" isSetter="false">
              <Summary numSequencePoints="0" visitedSequencePoints="0" numBranchPoints="0" visitedBranchPoints="0" sequenceCoverage="0" branchCoverage="0" maxCyclomaticComplexity="1" minCyclomaticComplexity="1" maxCrapScore="2" minCrapScore="2" visitedClasses="0" numClasses="0" visitedMethods="0" numMethods="0" />
              <MetadataToken>100663348</MetadataToken>
              <Name>System.Void Mov4eTests.ValidationTests.RegisterValidationTests/&lt;&gt;c::.ctor()</Name>
              <SequencePoints />
              <BranchPoints />
              <MethodPoint vc="0" uspid="47" ordinal="0" offset="0" />
            </Method>
            <Method visited="false" cyclomaticComplexity="1" nPathComplexity="0" sequenceCoverage="0" branchCoverage="0" crapScore="2" isConstructor="false" isStatic="false" isGetter="false" isSetter="false">
              <Summary numSequencePoints="1" visitedSequencePoints="0" numBranchPoints="1" visitedBranchPoints="0" sequenceCoverage="0" branchCoverage="0" maxCyclomaticComplexity="1" minCyclomaticComplexity="1" maxCrapScore="2" minCrapScore="2" visitedClasses="0" numClasses="0" visitedMethods="0" numMethods="1" />
              <MetadataToken>100663349</MetadataToken>
              <Name>System.Void Mov4eTests.ValidationTests.RegisterValidationTests/&lt;&gt;c::&lt;isUserValidThrowsException&gt;b__3_0()</Name>
              <FileRef uid="1" />
              <SequencePoints>
                <SequencePoint vc="0" uspid="48" ordinal="0" offset="0" sl="28" sc="61" el="28" ec="103" bec="0" bev="0" fileid="1" />
              </SequencePoints>
              <BranchPoints />
              <MethodPoint xsi:type="SequencePoint" vc="0" uspid="48" ordinal="0" offset="0" sl="28" sc="61" el="28" ec="103" bec="0" bev="0" fileid="1" />
            </Method>
            <Method visited="false" cyclomaticComplexity="1" nPathComplexity="0" sequenceCoverage="0" branchCoverage="0" crapScore="2" isConstructor="false" isStatic="false" isGetter="false" isSetter="false">
              <Summary numSequencePoints="1" visitedSequencePoints="0" numBranchPoints="1" visitedBranchPoints="0" sequenceCoverage="0" branchCoverage="0" maxCyclomaticComplexity="1" minCyclomaticComplexity="1" maxCrapScore="2" minCrapScore="2" visitedClasses="0" numClasses="0" visitedMethods="0" numMethods="1" />
              <MetadataToken>100663350</MetadataToken>
              <Name>System.Void Mov4eTests.ValidationTests.RegisterValidationTests/&lt;&gt;c::&lt;isPasswordisPasswordCorrectThrowsException&gt;b__4_0()</Name>
              <FileRef uid="1" />
              <SequencePoints>
                <SequencePoint vc="0" uspid="49" ordinal="0" offset="0" sl="34" sc="61" el="34" ec="103" bec="0" bev="0" fileid="1" />
              </SequencePoints>
              <BranchPoints />
              <MethodPoint xsi:type="SequencePoint" vc="0" uspid="49" ordinal="0" offset="0" sl="34" sc="61" el="34" ec="103" bec="0" bev="0" fileid="1" />
            </Method>
            <Method visited="false" cyclomaticComplexity="1" nPathComplexity="0" sequenceCoverage="0" branchCoverage="0" crapScore="2" isConstructor="false" isStatic="false" isGetter="false" isSetter="false">
              <Summary numSequencePoints="1" visitedSequencePoints="0" numBranchPoints="1" visitedBranchPoints="0" sequenceCoverage="0" branchCoverage="0" maxCyclomaticComplexity="1" minCyclomaticComplexity="1" maxCrapScore="2" minCrapScore="2" visitedClasses="0" numClasses="0" visitedMethods="0" numMethods="1" />
              <MetadataToken>100663351</MetadataToken>
              <Name>System.Void Mov4eTests.ValidationTests.RegisterValidationTests/&lt;&gt;c::&lt;areFirstAndLastNameValidThrowsException&gt;b__5_0()</Name>
              <FileRef uid="1" />
              <SequencePoints>
                <SequencePoint vc="0" uspid="50" ordinal="0" offset="0" sl="40" sc="61" el="40" ec="115" bec="0" bev="0" fileid="1" />
              </SequencePoints>
              <BranchPoints />
              <MethodPoint xsi:type="SequencePoint" vc="0" uspid="50" ordinal="0" offset="0" sl="40" sc="61" el="40" ec="115" bec="0" bev="0" fileid="1" />
            </Method>
            <Method visited="false" cyclomaticComplexity="1" nPathComplexity="0" sequenceCoverage="0" branchCoverage="0" crapScore="2" isConstructor="false" isStatic="false" isGetter="false" isSetter="false">
              <Summary numSequencePoints="1" visitedSequencePoints="0" numBranchPoints="1" visitedBranchPoints="0" sequenceCoverage="0" branchCoverage="0" maxCyclomaticComplexity="1" minCyclomaticComplexity="1" maxCrapScore="2" minCrapScore="2" visitedClasses="0" numClasses="0" visitedMethods="0" numMethods="1" />
              <MetadataToken>100663352</MetadataToken>
              <Name>System.Void Mov4eTests.ValidationTests.RegisterValidationTests/&lt;&gt;c::&lt;isEMailCorrectThrowsException&gt;b__6_0()</Name>
              <FileRef uid="1" />
              <SequencePoints>
                <SequencePoint vc="0" uspid="51" ordinal="0" offset="0" sl="46" sc="61" el="46" ec="100" bec="0" bev="0" fileid="1" />
              </SequencePoints>
              <BranchPoints />
              <MethodPoint xsi:type="SequencePoint" vc="0" uspid="51" ordinal="0" offset="0" sl="46" sc="61" el="46" ec="100" bec="0" bev="0" fileid="1" />
            </Method>
            <Method visited="false" cyclomaticComplexity="1" nPathComplexity="0" sequenceCoverage="0" branchCoverage="0" crapScore="2" isConstructor="false" isStatic="false" isGetter="false" isSetter="false">
              <Summary numSequencePoints="1" visitedSequencePoints="0" numBranchPoints="1" visitedBranchPoints="0" sequenceCoverage="0" branchCoverage="0" maxCyclomaticComplexity="1" minCyclomaticComplexity="1" maxCrapScore="2" minCrapScore="2" visitedClasses="0" numClasses="0" visitedMethods="0" numMethods="1" />
              <MetadataToken>100663353</MetadataToken>
              <Name>System.Void Mov4eTests.ValidationTests.RegisterValidationTests/&lt;&gt;c::&lt;isEMailCorrectMailIsCorrect&gt;b__7_0()</Name>
              <FileRef uid="1" />
              <SequencePoints>
                <SequencePoint vc="0" uspid="52" ordinal="0" offset="0" sl="52" sc="38" el="52" ec="86" bec="0" bev="0" fileid="1" />
              </SequencePoints>
              <BranchPoints />
              <MethodPoint xsi:type="SequencePoint" vc="0" uspid="52" ordinal="0" offset="0" sl="52" sc="38" el="52" ec="86" bec="0" bev="0" fileid="1" />
            </Method>
            <Method visited="false" cyclomaticComplexity="1" nPathComplexity="0" sequenceCoverage="0" branchCoverage="0" crapScore="2" isConstructor="false" isStatic="false" isGetter="false" isSetter="false">
              <Summary numSequencePoints="1" visitedSequencePoints="0" numBranchPoints="1" visitedBranchPoints="0" sequenceCoverage="0" branchCoverage="0" maxCyclomaticComplexity="1" minCyclomaticComplexity="1" maxCrapScore="2" minCrapScore="2" visitedClasses="0" numClasses="0" visitedMethods="0" numMethods="1" />
              <MetadataToken>100663354</MetadataToken>
              <Name>System.Void Mov4eTests.ValidationTests.RegisterValidationTests/&lt;&gt;c::&lt;isGenderValidThrowsException&gt;b__9_0()</Name>
              <FileRef uid="1" />
              <SequencePoints>
                <SequencePoint vc="0" uspid="53" ordinal="0" offset="0" sl="64" sc="61" el="64" ec="99" bec="0" bev="0" fileid="1" />
              </SequencePoints>
              <BranchPoints />
              <MethodPoint xsi:type="SequencePoint" vc="0" uspid="53" ordinal="0" offset="0" sl="64" sc="61" el="64" ec="99" bec="0" bev="0" fileid="1" />
            </Method>
            <Method visited="false" cyclomaticComplexity="1" nPathComplexity="0" sequenceCoverage="0" branchCoverage="0" crapScore="2" isConstructor="false" isStatic="false" isGetter="false" isSetter="false">
              <Summary numSequencePoints="1" visitedSequencePoints="0" numBranchPoints="1" visitedBranchPoints="0" sequenceCoverage="0" branchCoverage="0" maxCyclomaticComplexity="1" minCyclomaticComplexity="1" maxCrapScore="2" minCrapScore="2" visitedClasses="0" numClasses="0" visitedMethods="0" numMethods="1" />
              <MetadataToken>100663355</MetadataToken>
              <Name>System.Void Mov4eTests.ValidationTests.RegisterValidationTests/&lt;&gt;c::&lt;isAgeValidThrowsException&gt;b__10_0()</Name>
              <FileRef uid="1" />
              <SequencePoints>
                <SequencePoint vc="0" uspid="54" ordinal="0" offset="0" sl="70" sc="61" el="70" ec="92" bec="0" bev="0" fileid="1" />
              </SequencePoints>
              <BranchPoints />
              <MethodPoint xsi:type="SequencePoint" vc="0" uspid="54" ordinal="0" offset="0" sl="70" sc="61" el="70" ec="92" bec="0" bev="0" fileid="1" />
            </Method>
          </Methods>
        </Class>
        <Class>
          <Summary numSequencePoints="6" visitedSequencePoints="0" numBranchPoints="2" visitedBranchPoints="0" sequenceCoverage="0" branchCoverage="0" maxCyclomaticComplexity="2" minCyclomaticComplexity="1" maxCrapScore="6" minCrapScore="2" visitedClasses="0" numClasses="1" visitedMethods="0" numMethods="2" />
          <FullName>Mov4eTests.ValidationTests.ValidateLoginTests</FullName>
          <Methods>
            <Method visited="false" cyclomaticComplexity="2" nPathComplexity="0" sequenceCoverage="0" branchCoverage="0" crapScore="6" isConstructor="false" isStatic="false" isGetter="false" isSetter="false">
              <Summary numSequencePoints="3" visitedSequencePoints="0" numBranchPoints="1" visitedBranchPoints="0" sequenceCoverage="0" branchCoverage="0" maxCyclomaticComplexity="2" minCyclomaticComplexity="2" maxCrapScore="6" minCrapScore="6" visitedClasses="0" numClasses="0" visitedMethods="0" numMethods="1" />
              <MetadataToken>100663309</MetadataToken>
              <Name>System.Void Mov4eTests.ValidationTests.ValidateLoginTests::isLoginInformatinOkThrowsException()</Name>
              <FileRef uid="3" />
              <SequencePoints>
                <SequencePoint vc="0" uspid="55" ordinal="0" offset="0" sl="17" sc="9" el="17" ec="10" bec="0" bev="0" fileid="3" />
                <SequencePoint vc="0" uspid="56" ordinal="1" offset="1" sl="18" sc="13" el="18" ec="143" bec="0" bev="0" fileid="3" />
                <SequencePoint vc="0" uspid="57" ordinal="2" offset="38" sl="19" sc="9" el="19" ec="10" bec="0" bev="0" fileid="3" />
              </SequencePoints>
              <BranchPoints />
              <MethodPoint xsi:type="SequencePoint" vc="0" uspid="55" ordinal="0" offset="0" sl="17" sc="9" el="17" ec="10" bec="0" bev="0" fileid="3" />
            </Method>
            <Method visited="false" cyclomaticComplexity="2" nPathComplexity="0" sequenceCoverage="0" branchCoverage="0" crapScore="6" isConstructor="false" isStatic="false" isGetter="false" isSetter="false">
              <Summary numSequencePoints="3" visitedSequencePoints="0" numBranchPoints="1" visitedBranchPoints="0" sequenceCoverage="0" branchCoverage="0" maxCyclomaticComplexity="2" minCyclomaticComplexity="2" maxCrapScore="6" minCrapScore="6" visitedClasses="0" numClasses="0" visitedMethods="0" numMethods="1" />
              <MetadataToken>100663310</MetadataToken>
              <Name>System.Void Mov4eTests.ValidationTests.ValidateLoginTests::UserExistsThrowsException()</Name>
              <FileRef uid="3" />
              <SequencePoints>
                <SequencePoint vc="0" uspid="60" ordinal="0" offset="0" sl="23" sc="9" el="23" ec="10" bec="0" bev="0" fileid="3" />
                <SequencePoint vc="0" uspid="61" ordinal="1" offset="1" sl="24" sc="13" el="24" ec="82" bec="0" bev="0" fileid="3" />
                <SequencePoint vc="0" uspid="62" ordinal="2" offset="38" sl="25" sc="9" el="25" ec="10" bec="0" bev="0" fileid="3" />
              </SequencePoints>
              <BranchPoints />
              <MethodPoint xsi:type="SequencePoint" vc="0" uspid="60" ordinal="0" offset="0" sl="23" sc="9" el="23" ec="10" bec="0" bev="0" fileid="3" />
            </Method>
            <Method visited="false" cyclomaticComplexity="1" nPathComplexity="0" sequenceCoverage="0" branchCoverage="0" crapScore="2" isConstructor="true" isStatic="false" isGetter="false" isSetter="false">
              <Summary numSequencePoints="0" visitedSequencePoints="0" numBranchPoints="0" visitedBranchPoints="0" sequenceCoverage="0" branchCoverage="0" maxCyclomaticComplexity="1" minCyclomaticComplexity="1" maxCrapScore="2" minCrapScore="2" visitedClasses="0" numClasses="0" visitedMethods="0" numMethods="0" />
              <MetadataToken>100663311</MetadataToken>
              <Name>System.Void Mov4eTests.ValidationTests.ValidateLoginTests::.ctor()</Name>
              <SequencePoints />
              <BranchPoints />
              <MethodPoint vc="0" uspid="65" ordinal="0" offset="0" />
            </Method>
          </Methods>
        </Class>
        <Class>
          <Summary numSequencePoints="2" visitedSequencePoints="0" numBranchPoints="2" visitedBranchPoints="0" sequenceCoverage="0" branchCoverage="0" maxCyclomaticComplexity="1" minCyclomaticComplexity="1" maxCrapScore="2" minCrapScore="2" visitedClasses="0" numClasses="1" visitedMethods="0" numMethods="2" />
          <FullName>Mov4eTests.ValidationTests.ValidateLoginTests/&lt;&gt;c</FullName>
          <Methods>
            <Method visited="false" cyclomaticComplexity="1" nPathComplexity="0" sequenceCoverage="0" branchCoverage="0" crapScore="2" isConstructor="true" isStatic="true" isGetter="false" isSetter="false">
              <Summary numSequencePoints="0" visitedSequencePoints="0" numBranchPoints="0" visitedBranchPoints="0" sequenceCoverage="0" branchCoverage="0" maxCyclomaticComplexity="1" minCyclomaticComplexity="1" maxCrapScore="2" minCrapScore="2" visitedClasses="0" numClasses="0" visitedMethods="0" numMethods="0" />
              <MetadataToken>100663356</MetadataToken>
              <Name>System.Void Mov4eTests.ValidationTests.ValidateLoginTests/&lt;&gt;c::.cctor()</Name>
              <SequencePoints />
              <BranchPoints />
              <MethodPoint vc="0" uspid="66" ordinal="0" offset="0" />
            </Method>
            <Method visited="false" cyclomaticComplexity="1" nPathComplexity="0" sequenceCoverage="0" branchCoverage="0" crapScore="2" isConstructor="true" isStatic="false" isGetter="false" isSetter="false">
              <Summary numSequencePoints="0" visitedSequencePoints="0" numBranchPoints="0" visitedBranchPoints="0" sequenceCoverage="0" branchCoverage="0" maxCyclomaticComplexity="1" minCyclomaticComplexity="1" maxCrapScore="2" minCrapScore="2" visitedClasses="0" numClasses="0" visitedMethods="0" numMethods="0" />
              <MetadataToken>100663357</MetadataToken>
              <Name>System.Void Mov4eTests.ValidationTests.ValidateLoginTests/&lt;&gt;c::.ctor()</Name>
              <SequencePoints />
              <BranchPoints />
              <MethodPoint vc="0" uspid="67" ordinal="0" offset="0" />
            </Method>
            <Method visited="false" cyclomaticComplexity="1" nPathComplexity="0" sequenceCoverage="0" branchCoverage="0" crapScore="2" isConstructor="false" isStatic="false" isGetter="false" isSetter="false">
              <Summary numSequencePoints="1" visitedSequencePoints="0" numBranchPoints="1" visitedBranchPoints="0" sequenceCoverage="0" branchCoverage="0" maxCyclomaticComplexity="1" minCyclomaticComplexity="1" maxCrapScore="2" minCrapScore="2" visitedClasses="0" numClasses="0" visitedMethods="0" numMethods="1" />
              <MetadataToken>100663358</MetadataToken>
              <Name>System.Void Mov4eTests.ValidationTests.ValidateLoginTests/&lt;&gt;c::&lt;isLoginInformatinOkThrowsException&gt;b__0_0()</Name>
              <FileRef uid="3" />
              <SequencePoints>
                <SequencePoint vc="0" uspid="68" ordinal="0" offset="0" sl="18" sc="49" el="18" ec="141" bec="0" bev="0" fileid="3" />
              </SequencePoints>
              <BranchPoints />
              <MethodPoint xsi:type="SequencePoint" vc="0" uspid="68" ordinal="0" offset="0" sl="18" sc="49" el="18" ec="141" bec="0" bev="0" fileid="3" />
            </Method>
            <Method visited="false" cyclomaticComplexity="1" nPathComplexity="0" sequenceCoverage="0" branchCoverage="0" crapScore="2" isConstructor="false" isStatic="false" isGetter="false" isSetter="false">
              <Summary numSequencePoints="1" visitedSequencePoints="0" numBranchPoints="1" visitedBranchPoints="0" sequenceCoverage="0" branchCoverage="0" maxCyclomaticComplexity="1" minCyclomaticComplexity="1" maxCrapScore="2" minCrapScore="2" visitedClasses="0" numClasses="0" visitedMethods="0" numMethods="1" />
              <MetadataToken>100663359</MetadataToken>
              <Name>System.Void Mov4eTests.ValidationTests.ValidateLoginTests/&lt;&gt;c::&lt;UserExistsThrowsException&gt;b__1_0()</Name>
              <FileRef uid="3" />
              <SequencePoints>
                <SequencePoint vc="0" uspid="69" ordinal="0" offset="0" sl="24" sc="49" el="24" ec="80" bec="0" bev="0" fileid="3" />
              </SequencePoints>
              <BranchPoints />
              <MethodPoint xsi:type="SequencePoint" vc="0" uspid="69" ordinal="0" offset="0" sl="24" sc="49" el="24" ec="80" bec="0" bev="0" fileid="3" />
            </Method>
          </Methods>
        </Class>
        <Class>
          <Summary numSequencePoints="26" visitedSequencePoints="0" numBranchPoints="2" visitedBranchPoints="0" sequenceCoverage="0" branchCoverage="0" maxCyclomaticComplexity="2" minCyclomaticComplexity="1" maxCrapScore="6" minCrapScore="2" visitedClasses="0" numClasses="1" visitedMethods="0" numMethods="2" />
          <FullName>Mov4eTests.ServiceTests.RegisterServiceTests.MockedDummyRegisterRepository</FullName>
          <Methods>
            <Method visited="false" cyclomaticComplexity="2" nPathComplexity="0" sequenceCoverage="0" branchCoverage="0" crapScore="6" isConstructor="true" isStatic="false" isGetter="false" isSetter="false">
              <Summary numSequencePoints="14" visitedSequencePoints="0" numBranchPoints="1" visitedBranchPoints="0" sequenceCoverage="0" branchCoverage="0" maxCyclomaticComplexity="2" minCyclomaticComplexity="2" maxCrapScore="6" minCrapScore="6" visitedClasses="0" numClasses="0" visitedMethods="0" numMethods="1" />
              <MetadataToken>100663312</MetadataToken>
              <Name>System.Void Mov4eTests.ServiceTests.RegisterServiceTests.MockedDummyRegisterRepository::.ctor()</Name>
              <FileRef uid="5" />
              <SequencePoints>
                <SequencePoint vc="0" uspid="70" ordinal="0" offset="0" sl="16" sc="9" el="16" ec="71" bec="0" bev="0" fileid="5" />
                <SequencePoint vc="0" uspid="71" ordinal="1" offset="35" sl="17" sc="9" el="17" ec="79" bec="0" bev="0" fileid="5" />
                <SequencePoint vc="0" uspid="72" ordinal="2" offset="70" sl="18" sc="9" el="18" ec="38" bec="0" bev="0" fileid="5" />
                <SequencePoint vc="0" uspid="73" ordinal="3" offset="81" sl="19" sc="9" el="19" ec="50" bec="0" bev="0" fileid="5" />
                <SequencePoint vc="0" uspid="74" ordinal="4" offset="92" sl="23" sc="9" el="23" ec="47" bec="0" bev="0" fileid="5" />
                <SequencePoint vc="0" uspid="75" ordinal="5" offset="99" sl="24" sc="9" el="24" ec="10" bec="0" bev="0" fileid="5" />
                <SequencePoint vc="0" uspid="76" ordinal="6" offset="100" sl="25" sc="20" el="25" ec="51" bec="0" bev="0" fileid="5" />
                <SequencePoint vc="0" uspid="77" ordinal="7" offset="106" sl="26" sc="13" el="26" ec="14" bec="0" bev="0" fileid="5" />
                <SequencePoint vc="0" uspid="78" ordinal="8" offset="107" sl="27" sc="17" el="27" ec="104" bec="0" bev="0" fileid="5" />
                <SequencePoint vc="0" uspid="79" ordinal="9" offset="197" sl="29" sc="17" el="29" ec="110" bec="0" bev="0" fileid="5" />
                <SequencePoint vc="0" uspid="80" ordinal="10" offset="287" sl="31" sc="17" el="44" ec="69" bec="0" bev="0" fileid="5" />
                <SequencePoint vc="0" uspid="81" ordinal="11" offset="442" sl="46" sc="17" el="46" ec="74" bec="0" bev="0" fileid="5" />
                <SequencePoint vc="0" uspid="82" ordinal="12" offset="459" sl="47" sc="13" el="47" ec="14" bec="0" bev="0" fileid="5" />
                <SequencePoint vc="0" uspid="83" ordinal="13" offset="473" sl="48" sc="9" el="48" ec="10" bec="0" bev="0" fileid="5" />
              </SequencePoints>
              <BranchPoints />
              <MethodPoint xsi:type="SequencePoint" vc="0" uspid="70" ordinal="0" offset="0" sl="16" sc="9" el="16" ec="71" bec="0" bev="0" fileid="5" />
            </Method>
            <Method visited="false" cyclomaticComplexity="1" nPathComplexity="0" sequenceCoverage="0" branchCoverage="0" crapScore="2" isConstructor="false" isStatic="false" isGetter="false" isSetter="false">
              <Summary numSequencePoints="12" visitedSequencePoints="0" numBranchPoints="1" visitedBranchPoints="0" sequenceCoverage="0" branchCoverage="0" maxCyclomaticComplexity="1" minCyclomaticComplexity="1" maxCrapScore="2" minCrapScore="2" visitedClasses="0" numClasses="0" visitedMethods="0" numMethods="1" />
              <MetadataToken>100663313</MetadataToken>
              <Name>System.Void Mov4eTests.ServiceTests.RegisterServiceTests.MockedDummyRegisterRepository::&lt;.ctor&gt;b__5_3(Mov4e.User,Mov4e.UserInfo)</Name>
              <FileRef uid="5" />
              <SequencePoints>
                <SequencePoint vc="0" uspid="84" ordinal="0" offset="0" sl="33" sc="66" el="33" ec="67" bec="0" bev="0" fileid="5" />
                <SequencePoint vc="0" uspid="85" ordinal="1" offset="1" sl="34" sc="70" el="34" ec="101" bec="0" bev="0" fileid="5" />
                <SequencePoint vc="0" uspid="86" ordinal="2" offset="19" sl="35" sc="70" el="35" ec="101" bec="0" bev="0" fileid="5" />
                <SequencePoint vc="0" uspid="87" ordinal="3" offset="37" sl="36" sc="70" el="36" ec="99" bec="0" bev="0" fileid="5" />
                <SequencePoint vc="0" uspid="88" ordinal="4" offset="55" sl="37" sc="71" el="37" ec="104" bec="0" bev="0" fileid="5" />
                <SequencePoint vc="0" uspid="89" ordinal="5" offset="73" sl="38" sc="70" el="38" ec="111" bec="0" bev="0" fileid="5" />
                <SequencePoint vc="0" uspid="90" ordinal="6" offset="91" sl="39" sc="70" el="39" ec="109" bec="0" bev="0" fileid="5" />
                <SequencePoint vc="0" uspid="91" ordinal="7" offset="109" sl="40" sc="70" el="40" ec="107" bec="0" bev="0" fileid="5" />
                <SequencePoint vc="0" uspid="92" ordinal="8" offset="127" sl="41" sc="70" el="41" ec="105" bec="0" bev="0" fileid="5" />
                <SequencePoint vc="0" uspid="93" ordinal="9" offset="145" sl="42" sc="70" el="42" ec="109" bec="0" bev="0" fileid="5" />
                <SequencePoint vc="0" uspid="94" ordinal="10" offset="163" sl="43" sc="70" el="43" ec="101" bec="0" bev="0" fileid="5" />
                <SequencePoint vc="0" uspid="95" ordinal="11" offset="181" sl="44" sc="66" el="44" ec="67" bec="0" bev="0" fileid="5" />
              </SequencePoints>
              <BranchPoints />
              <MethodPoint xsi:type="SequencePoint" vc="0" uspid="84" ordinal="0" offset="0" sl="33" sc="66" el="33" ec="67" bec="0" bev="0" fileid="5" />
            </Method>
          </Methods>
        </Class>
        <Class>
          <Summary numSequencePoints="0" visitedSequencePoints="0" numBranchPoints="0" visitedBranchPoints="0" sequenceCoverage="0" branchCoverage="0" maxCyclomaticComplexity="1" minCyclomaticComplexity="1" maxCrapScore="2" minCrapScore="2" visitedClasses="0" numClasses="0" visitedMethods="0" numMethods="0" />
          <FullName>Mov4eTests.ServiceTests.RegisterServiceTests.MockedDummyRegisterRepository/&lt;&gt;c</FullName>
          <Methods>
            <Method visited="false" cyclomaticComplexity="1" nPathComplexity="0" sequenceCoverage="0" branchCoverage="0" crapScore="2" isConstructor="true" isStatic="true" isGetter="false" isSetter="false">
              <Summary numSequencePoints="0" visitedSequencePoints="0" numBranchPoints="0" visitedBranchPoints="0" sequenceCoverage="0" branchCoverage="0" maxCyclomaticComplexity="1" minCyclomaticComplexity="1" maxCrapScore="2" minCrapScore="2" visitedClasses="0" numClasses="0" visitedMethods="0" numMethods="0" />
              <MetadataToken>100663360</MetadataToken>
              <Name>System.Void Mov4eTests.ServiceTests.RegisterServiceTests.MockedDummyRegisterRepository/&lt;&gt;c::.cctor()</Name>
              <SequencePoints />
              <BranchPoints />
              <MethodPoint vc="0" uspid="96" ordinal="0" offset="0" />
            </Method>
            <Method visited="false" cyclomaticComplexity="1" nPathComplexity="0" sequenceCoverage="0" branchCoverage="0" crapScore="2" isConstructor="true" isStatic="false" isGetter="false" isSetter="false">
              <Summary numSequencePoints="0" visitedSequencePoints="0" numBranchPoints="0" visitedBranchPoints="0" sequenceCoverage="0" branchCoverage="0" maxCyclomaticComplexity="1" minCyclomaticComplexity="1" maxCrapScore="2" minCrapScore="2" visitedClasses="0" numClasses="0" visitedMethods="0" numMethods="0" />
              <MetadataToken>100663361</MetadataToken>
              <Name>System.Void Mov4eTests.ServiceTests.RegisterServiceTests.MockedDummyRegisterRepository/&lt;&gt;c::.ctor()</Name>
              <SequencePoints />
              <BranchPoints />
              <MethodPoint vc="0" uspid="97" ordinal="0" offset="0" />
            </Method>
          </Methods>
        </Class>
        <Class>
          <Summary numSequencePoints="53" visitedSequencePoints="0" numBranchPoints="9" visitedBranchPoints="0" sequenceCoverage="0" branchCoverage="0" maxCyclomaticComplexity="1" minCyclomaticComplexity="1" maxCrapScore="2" minCrapScore="2" visitedClasses="0" numClasses="1" visitedMethods="0" numMethods="9" />
          <FullName>Mov4eTests.ServiceTests.RegisterServiceTests.TestsRegisterService</FullName>
          <Methods>
            <Method visited="false" cyclomaticComplexity="1" nPathComplexity="0" sequenceCoverage="0" branchCoverage="0" crapScore="2" isConstructor="false" isStatic="false" isGetter="false" isSetter="false">
              <Summary numSequencePoints="5" visitedSequencePoints="0" numBranchPoints="1" visitedBranchPoints="0" sequenceCoverage="0" branchCoverage="0" maxCyclomaticComplexity="1" minCyclomaticComplexity="1" maxCrapScore="2" minCrapScore="2" visitedClasses="0" numClasses="0" visitedMethods="0" numMethods="1" />
              <MetadataToken>100663314</MetadataToken>
              <Name>System.Void Mov4eTests.ServiceTests.RegisterServiceTests.TestsRegisterService::SaveUserSavesUser()</Name>
              <FileRef uid="6" />
              <SequencePoints>
                <SequencePoint vc="0" uspid="98" ordinal="0" offset="6" sl="17" sc="9" el="17" ec="10" bec="0" bev="0" fileid="6" />
                <SequencePoint vc="0" uspid="99" ordinal="1" offset="7" sl="18" sc="13" el="18" ec="93" bec="0" bev="0" fileid="6" />
                <SequencePoint vc="0" uspid="100" ordinal="2" offset="13" sl="19" sc="13" el="19" ec="99" bec="0" bev="0" fileid="6" />
                <SequencePoint vc="0" uspid="101" ordinal="3" offset="30" sl="20" sc="13" el="20" ec="94" bec="0" bev="0" fileid="6" />
                <SequencePoint vc="0" uspid="102" ordinal="4" offset="48" sl="21" sc="9" el="21" ec="10" bec="0" bev="0" fileid="6" />
              </SequencePoints>
              <BranchPoints />
              <MethodPoint vc="0" uspid="103" ordinal="0" offset="0" />
            </Method>
            <Method visited="false" cyclomaticComplexity="1" nPathComplexity="0" sequenceCoverage="0" branchCoverage="0" crapScore="2" isConstructor="false" isStatic="false" isGetter="false" isSetter="false">
              <Summary numSequencePoints="5" visitedSequencePoints="0" numBranchPoints="1" visitedBranchPoints="0" sequenceCoverage="0" branchCoverage="0" maxCyclomaticComplexity="1" minCyclomaticComplexity="1" maxCrapScore="2" minCrapScore="2" visitedClasses="0" numClasses="0" visitedMethods="0" numMethods="1" />
              <MetadataToken>100663315</MetadataToken>
              <Name>System.Void Mov4eTests.ServiceTests.RegisterServiceTests.TestsRegisterService::SaveUserThrowsExceptionBecauseOfTheUserName()</Name>
              <FileRef uid="6" />
              <SequencePoints>
                <SequencePoint vc="0" uspid="104" ordinal="0" offset="6" sl="25" sc="9" el="25" ec="10" bec="0" bev="0" fileid="6" />
                <SequencePoint vc="0" uspid="105" ordinal="1" offset="7" sl="26" sc="13" el="26" ec="93" bec="0" bev="0" fileid="6" />
                <SequencePoint vc="0" uspid="106" ordinal="2" offset="13" sl="27" sc="13" el="27" ec="99" bec="0" bev="0" fileid="6" />
                <SequencePoint vc="0" uspid="107" ordinal="3" offset="30" sl="28" sc="13" el="28" ec="110" bec="0" bev="0" fileid="6" />
                <SequencePoint vc="0" uspid="108" ordinal="4" offset="48" sl="29" sc="9" el="29" ec="10" bec="0" bev="0" fileid="6" />
              </SequencePoints>
              <BranchPoints />
              <MethodPoint vc="0" uspid="109" ordinal="0" offset="0" />
            </Method>
            <Method visited="false" cyclomaticComplexity="1" nPathComplexity="0" sequenceCoverage="0" branchCoverage="0" crapScore="2" isConstructor="false" isStatic="false" isGetter="false" isSetter="false">
              <Summary numSequencePoints="5" visitedSequencePoints="0" numBranchPoints="1" visitedBranchPoints="0" sequenceCoverage="0" branchCoverage="0" maxCyclomaticComplexity="1" minCyclomaticComplexity="1" maxCrapScore="2" minCrapScore="2" visitedClasses="0" numClasses="0" visitedMethods="0" numMethods="1" />
              <MetadataToken>100663316</MetadataToken>
              <Name>System.Void Mov4eTests.ServiceTests.RegisterServiceTests.TestsRegisterService::SaveUserThrowsExceptionBecauseOfThePassword()</Name>
              <FileRef uid="6" />
              <SequencePoints>
                <SequencePoint vc="0" uspid="110" ordinal="0" offset="6" sl="33" sc="9" el="33" ec="10" bec="0" bev="0" fileid="6" />
                <SequencePoint vc="0" uspid="111" ordinal="1" offset="7" sl="34" sc="13" el="34" ec="93" bec="0" bev="0" fileid="6" />
                <SequencePoint vc="0" uspid="112" ordinal="2" offset="13" sl="35" sc="13" el="35" ec="99" bec="0" bev="0" fileid="6" />
                <SequencePoint vc="0" uspid="113" ordinal="3" offset="30" sl="36" sc="13" el="36" ec="108" bec="0" bev="0" fileid="6" />
                <SequencePoint vc="0" uspid="114" ordinal="4" offset="48" sl="37" sc="9" el="37" ec="10" bec="0" bev="0" fileid="6" />
              </SequencePoints>
              <BranchPoints />
              <MethodPoint vc="0" uspid="115" ordinal="0" offset="0" />
            </Method>
            <Method visited="false" cyclomaticComplexity="1" nPathComplexity="0" sequenceCoverage="0" branchCoverage="0" crapScore="2" isConstructor="false" isStatic="false" isGetter="false" isSetter="false">
              <Summary numSequencePoints="5" visitedSequencePoints="0" numBranchPoints="1" visitedBranchPoints="0" sequenceCoverage="0" branchCoverage="0" maxCyclomaticComplexity="1" minCyclomaticComplexity="1" maxCrapScore="2" minCrapScore="2" visitedClasses="0" numClasses="0" visitedMethods="0" numMethods="1" />
              <MetadataToken>100663317</MetadataToken>
              <Name>System.Void Mov4eTests.ServiceTests.RegisterServiceTests.TestsRegisterService::SaveUserInfoSaveingOk()</Name>
              <FileRef uid="6" />
              <SequencePoints>
                <SequencePoint vc="0" uspid="116" ordinal="0" offset="6" sl="41" sc="9" el="41" ec="10" bec="0" bev="0" fileid="6" />
                <SequencePoint vc="0" uspid="117" ordinal="1" offset="7" sl="42" sc="13" el="42" ec="93" bec="0" bev="0" fileid="6" />
                <SequencePoint vc="0" uspid="118" ordinal="2" offset="13" sl="43" sc="13" el="43" ec="99" bec="0" bev="0" fileid="6" />
                <SequencePoint vc="0" uspid="119" ordinal="3" offset="30" sl="44" sc="13" el="44" ec="111" bec="0" bev="0" fileid="6" />
                <SequencePoint vc="0" uspid="120" ordinal="4" offset="48" sl="45" sc="9" el="45" ec="10" bec="0" bev="0" fileid="6" />
              </SequencePoints>
              <BranchPoints />
              <MethodPoint vc="0" uspid="121" ordinal="0" offset="0" />
            </Method>
            <Method visited="false" cyclomaticComplexity="1" nPathComplexity="0" sequenceCoverage="0" branchCoverage="0" crapScore="2" isConstructor="false" isStatic="false" isGetter="false" isSetter="false">
              <Summary numSequencePoints="5" visitedSequencePoints="0" numBranchPoints="1" visitedBranchPoints="0" sequenceCoverage="0" branchCoverage="0" maxCyclomaticComplexity="1" minCyclomaticComplexity="1" maxCrapScore="2" minCrapScore="2" visitedClasses="0" numClasses="0" visitedMethods="0" numMethods="1" />
              <MetadataToken>100663318</MetadataToken>
              <Name>System.Void Mov4eTests.ServiceTests.RegisterServiceTests.TestsRegisterService::SaveUserInfoThrowsExceptionBecauseOfTheFirstNameOrLastName()</Name>
              <FileRef uid="6" />
              <SequencePoints>
                <SequencePoint vc="0" uspid="122" ordinal="0" offset="6" sl="49" sc="9" el="49" ec="10" bec="0" bev="0" fileid="6" />
                <SequencePoint vc="0" uspid="123" ordinal="1" offset="7" sl="50" sc="13" el="50" ec="93" bec="0" bev="0" fileid="6" />
                <SequencePoint vc="0" uspid="124" ordinal="2" offset="13" sl="51" sc="13" el="51" ec="99" bec="0" bev="0" fileid="6" />
                <SequencePoint vc="0" uspid="125" ordinal="3" offset="30" sl="52" sc="13" el="52" ec="123" bec="0" bev="0" fileid="6" />
                <SequencePoint vc="0" uspid="126" ordinal="4" offset="48" sl="53" sc="9" el="53" ec="10" bec="0" bev="0" fileid="6" />
              </SequencePoints>
              <BranchPoints />
              <MethodPoint vc="0" uspid="127" ordinal="0" offset="0" />
            </Method>
            <Method visited="false" cyclomaticComplexity="1" nPathComplexity="0" sequenceCoverage="0" branchCoverage="0" crapScore="2" isConstructor="false" isStatic="false" isGetter="false" isSetter="false">
              <Summary numSequencePoints="5" visitedSequencePoints="0" numBranchPoints="1" visitedBranchPoints="0" sequenceCoverage="0" branchCoverage="0" maxCyclomaticComplexity="1" minCyclomaticComplexity="1" maxCrapScore="2" minCrapScore="2" visitedClasses="0" numClasses="0" visitedMethods="0" numMethods="1" />
              <MetadataToken>100663319</MetadataToken>
              <Name>System.Void Mov4eTests.ServiceTests.RegisterServiceTests.TestsRegisterService::SaveUserInfoThrowsExceptionBecauseOfTheEmail()</Name>
              <FileRef uid="6" />
              <SequencePoints>
                <SequencePoint vc="0" uspid="128" ordinal="0" offset="6" sl="57" sc="9" el="57" ec="10" bec="0" bev="0" fileid="6" />
                <SequencePoint vc="0" uspid="129" ordinal="1" offset="7" sl="58" sc="13" el="58" ec="93" bec="0" bev="0" fileid="6" />
                <SequencePoint vc="0" uspid="130" ordinal="2" offset="13" sl="59" sc="13" el="59" ec="99" bec="0" bev="0" fileid="6" />
                <SequencePoint vc="0" uspid="131" ordinal="3" offset="30" sl="60" sc="13" el="60" ec="132" bec="0" bev="0" fileid="6" />
                <SequencePoint vc="0" uspid="132" ordinal="4" offset="48" sl="61" sc="9" el="61" ec="10" bec="0" bev="0" fileid="6" />
              </SequencePoints>
              <BranchPoints />
              <MethodPoint vc="0" uspid="133" ordinal="0" offset="0" />
            </Method>
            <Method visited="false" cyclomaticComplexity="1" nPathComplexity="0" sequenceCoverage="0" branchCoverage="0" crapScore="2" isConstructor="false" isStatic="false" isGetter="false" isSetter="false">
              <Summary numSequencePoints="5" visitedSequencePoints="0" numBranchPoints="1" visitedBranchPoints="0" sequenceCoverage="0" branchCoverage="0" maxCyclomaticComplexity="1" minCyclomaticComplexity="1" maxCrapScore="2" minCrapScore="2" visitedClasses="0" numClasses="0" visitedMethods="0" numMethods="1" />
              <MetadataToken>100663320</MetadataToken>
              <Name>System.Void Mov4eTests.ServiceTests.RegisterServiceTests.TestsRegisterService::SaveUserInfoThrowsExceptionBecauseOfTheGender()</Name>
              <FileRef uid="6" />
              <SequencePoints>
                <SequencePoint vc="0" uspid="134" ordinal="0" offset="6" sl="65" sc="9" el="65" ec="10" bec="0" bev="0" fileid="6" />
                <SequencePoint vc="0" uspid="135" ordinal="1" offset="7" sl="66" sc="13" el="66" ec="93" bec="0" bev="0" fileid="6" />
                <SequencePoint vc="0" uspid="136" ordinal="2" offset="13" sl="67" sc="13" el="67" ec="99" bec="0" bev="0" fileid="6" />
                <SequencePoint vc="0" uspid="137" ordinal="3" offset="30" sl="68" sc="13" el="68" ec="135" bec="0" bev="0" fileid="6" />
                <SequencePoint vc="0" uspid="138" ordinal="4" offset="48" sl="69" sc="9" el="69" ec="10" bec="0" bev="0" fileid="6" />
              </SequencePoints>
              <BranchPoints />
              <MethodPoint vc="0" uspid="139" ordinal="0" offset="0" />
            </Method>
            <Method visited="false" cyclomaticComplexity="1" nPathComplexity="0" sequenceCoverage="0" branchCoverage="0" crapScore="2" isConstructor="false" isStatic="false" isGetter="false" isSetter="false">
              <Summary numSequencePoints="5" visitedSequencePoints="0" numBranchPoints="1" visitedBranchPoints="0" sequenceCoverage="0" branchCoverage="0" maxCyclomaticComplexity="1" minCyclomaticComplexity="1" maxCrapScore="2" minCrapScore="2" visitedClasses="0" numClasses="0" visitedMethods="0" numMethods="1" />
              <MetadataToken>100663321</MetadataToken>
              <Name>System.Void Mov4eTests.ServiceTests.RegisterServiceTests.TestsRegisterService::SaveUserInfoThrowsExceptionBecauseOfTheAge()</Name>
              <FileRef uid="6" />
              <SequencePoints>
                <SequencePoint vc="0" uspid="140" ordinal="0" offset="6" sl="73" sc="9" el="73" ec="10" bec="0" bev="0" fileid="6" />
                <SequencePoint vc="0" uspid="141" ordinal="1" offset="7" sl="74" sc="13" el="74" ec="93" bec="0" bev="0" fileid="6" />
                <SequencePoint vc="0" uspid="142" ordinal="2" offset="13" sl="75" sc="13" el="75" ec="99" bec="0" bev="0" fileid="6" />
                <SequencePoint vc="0" uspid="143" ordinal="3" offset="30" sl="76" sc="13" el="76" ec="133" bec="0" bev="0" fileid="6" />
                <SequencePoint vc="0" uspid="144" ordinal="4" offset="48" sl="77" sc="9" el="77" ec="10" bec="0" bev="0" fileid="6" />
              </SequencePoints>
              <BranchPoints />
              <MethodPoint vc="0" uspid="145" ordinal="0" offset="0" />
            </Method>
            <Method visited="false" cyclomaticComplexity="1" nPathComplexity="0" sequenceCoverage="0" branchCoverage="0" crapScore="2" isConstructor="false" isStatic="false" isGetter="false" isSetter="false">
              <Summary numSequencePoints="13" visitedSequencePoints="0" numBranchPoints="1" visitedBranchPoints="0" sequenceCoverage="0" branchCoverage="0" maxCyclomaticComplexity="1" minCyclomaticComplexity="1" maxCrapScore="2" minCrapScore="2" visitedClasses="0" numClasses="0" visitedMethods="0" numMethods="1" />
              <MetadataToken>100663322</MetadataToken>
              <Name>System.Void Mov4eTests.ServiceTests.RegisterServiceTests.TestsRegisterService::SaveDataInDBIsOK()</Name>
              <FileRef uid="6" />
              <SequencePoints>
                <SequencePoint vc="0" uspid="146" ordinal="0" offset="0" sl="81" sc="9" el="81" ec="10" bec="0" bev="0" fileid="6" />
                <SequencePoint vc="0" uspid="147" ordinal="1" offset="1" sl="82" sc="13" el="82" ec="93" bec="0" bev="0" fileid="6" />
                <SequencePoint vc="0" uspid="148" ordinal="2" offset="7" sl="83" sc="13" el="83" ec="99" bec="0" bev="0" fileid="6" />
                <SequencePoint vc="0" uspid="149" ordinal="3" offset="19" sl="84" sc="13" el="84" ec="67" bec="0" bev="0" fileid="6" />
                <SequencePoint vc="0" uspid="150" ordinal="4" offset="36" sl="85" sc="13" el="85" ec="97" bec="0" bev="0" fileid="6" />
                <SequencePoint vc="0" uspid="151" ordinal="5" offset="65" sl="87" sc="13" el="87" ec="42" bec="0" bev="0" fileid="6" />
                <SequencePoint vc="0" uspid="152" ordinal="6" offset="72" sl="89" sc="13" el="89" ec="70" bec="0" bev="0" fileid="6" />
                <SequencePoint vc="0" uspid="153" ordinal="7" offset="94" sl="90" sc="13" el="90" ec="71" bec="0" bev="0" fileid="6" />
                <SequencePoint vc="0" uspid="154" ordinal="8" offset="116" sl="91" sc="13" el="91" ec="72" bec="0" bev="0" fileid="6" />
                <SequencePoint vc="0" uspid="155" ordinal="9" offset="138" sl="92" sc="13" el="92" ec="87" bec="0" bev="0" fileid="6" />
                <SequencePoint vc="0" uspid="156" ordinal="10" offset="160" sl="93" sc="13" el="93" ec="64" bec="0" bev="0" fileid="6" />
                <SequencePoint vc="0" uspid="157" ordinal="11" offset="182" sl="94" sc="13" el="94" ec="59" bec="0" bev="0" fileid="6" />
                <SequencePoint vc="0" uspid="158" ordinal="12" offset="211" sl="95" sc="9" el="95" ec="10" bec="0" bev="0" fileid="6" />
              </SequencePoints>
              <BranchPoints />
              <MethodPoint xsi:type="SequencePoint" vc="0" uspid="146" ordinal="0" offset="0" sl="81" sc="9" el="81" ec="10" bec="0" bev="0" fileid="6" />
            </Method>
            <Method visited="false" cyclomaticComplexity="1" nPathComplexity="0" sequenceCoverage="0" branchCoverage="0" crapScore="2" isConstructor="true" isStatic="false" isGetter="false" isSetter="false">
              <Summary numSequencePoints="0" visitedSequencePoints="0" numBranchPoints="0" visitedBranchPoints="0" sequenceCoverage="0" branchCoverage="0" maxCyclomaticComplexity="1" minCyclomaticComplexity="1" maxCrapScore="2" minCrapScore="2" visitedClasses="0" numClasses="0" visitedMethods="0" numMethods="0" />
              <MetadataToken>100663323</MetadataToken>
              <Name>System.Void Mov4eTests.ServiceTests.RegisterServiceTests.TestsRegisterService::.ctor()</Name>
              <SequencePoints />
              <BranchPoints />
              <MethodPoint vc="0" uspid="159" ordinal="0" offset="0" />
            </Method>
          </Methods>
        </Class>
        <Class>
          <Summary numSequencePoints="1" visitedSequencePoints="0" numBranchPoints="1" visitedBranchPoints="0" sequenceCoverage="0" branchCoverage="0" maxCyclomaticComplexity="1" minCyclomaticComplexity="1" maxCrapScore="2" minCrapScore="2" visitedClasses="0" numClasses="1" visitedMethods="0" numMethods="1" />
          <FullName>Mov4eTests.ServiceTests.RegisterServiceTests.TestsRegisterService/&lt;&gt;c__DisplayClass0_0</FullName>
          <Methods>
            <Method visited="false" cyclomaticComplexity="1" nPathComplexity="0" sequenceCoverage="0" branchCoverage="0" crapScore="2" isConstructor="true" isStatic="false" isGetter="false" isSetter="false">
              <Summary numSequencePoints="0" visitedSequencePoints="0" numBranchPoints="0" visitedBranchPoints="0" sequenceCoverage="0" branchCoverage="0" maxCyclomaticComplexity="1" minCyclomaticComplexity="1" maxCrapScore="2" minCrapScore="2" visitedClasses="0" numClasses="0" visitedMethods="0" numMethods="0" />
              <MetadataToken>100663362</MetadataToken>
              <Name>System.Void Mov4eTests.ServiceTests.RegisterServiceTests.TestsRegisterService/&lt;&gt;c__DisplayClass0_0::.ctor()</Name>
              <SequencePoints />
              <BranchPoints />
              <MethodPoint vc="0" uspid="160" ordinal="0" offset="0" />
            </Method>
            <Method visited="false" cyclomaticComplexity="1" nPathComplexity="0" sequenceCoverage="0" branchCoverage="0" crapScore="2" isConstructor="false" isStatic="false" isGetter="false" isSetter="false">
              <Summary numSequencePoints="1" visitedSequencePoints="0" numBranchPoints="1" visitedBranchPoints="0" sequenceCoverage="0" branchCoverage="0" maxCyclomaticComplexity="1" minCyclomaticComplexity="1" maxCrapScore="2" minCrapScore="2" visitedClasses="0" numClasses="0" visitedMethods="0" numMethods="1" />
              <MetadataToken>100663363</MetadataToken>
              <Name>System.Void Mov4eTests.ServiceTests.RegisterServiceTests.TestsRegisterService/&lt;&gt;c__DisplayClass0_0::&lt;SaveUserSavesUser&gt;b__0()</Name>
              <FileRef uid="6" />
              <SequencePoints>
                <SequencePoint vc="0" uspid="161" ordinal="0" offset="0" sl="20" sc="39" el="20" ec="92" bec="0" bev="0" fileid="6" />
              </SequencePoints>
              <BranchPoints />
              <MethodPoint xsi:type="SequencePoint" vc="0" uspid="161" ordinal="0" offset="0" sl="20" sc="39" el="20" ec="92" bec="0" bev="0" fileid="6" />
            </Method>
          </Methods>
        </Class>
        <Class>
          <Summary numSequencePoints="1" visitedSequencePoints="0" numBranchPoints="1" visitedBranchPoints="0" sequenceCoverage="0" branchCoverage="0" maxCyclomaticComplexity="1" minCyclomaticComplexity="1" maxCrapScore="2" minCrapScore="2" visitedClasses="0" numClasses="1" visitedMethods="0" numMethods="1" />
          <FullName>Mov4eTests.ServiceTests.RegisterServiceTests.TestsRegisterService/&lt;&gt;c__DisplayClass1_0</FullName>
          <Methods>
            <Method visited="false" cyclomaticComplexity="1" nPathComplexity="0" sequenceCoverage="0" branchCoverage="0" crapScore="2" isConstructor="true" isStatic="false" isGetter="false" isSetter="false">
              <Summary numSequencePoints="0" visitedSequencePoints="0" numBranchPoints="0" visitedBranchPoints="0" sequenceCoverage="0" branchCoverage="0" maxCyclomaticComplexity="1" minCyclomaticComplexity="1" maxCrapScore="2" minCrapScore="2" visitedClasses="0" numClasses="0" visitedMethods="0" numMethods="0" />
              <MetadataToken>100663364</MetadataToken>
              <Name>System.Void Mov4eTests.ServiceTests.RegisterServiceTests.TestsRegisterService/&lt;&gt;c__DisplayClass1_0::.ctor()</Name>
              <SequencePoints />
              <BranchPoints />
              <MethodPoint vc="0" uspid="162" ordinal="0" offset="0" />
            </Method>
            <Method visited="false" cyclomaticComplexity="1" nPathComplexity="0" sequenceCoverage="0" branchCoverage="0" crapScore="2" isConstructor="false" isStatic="false" isGetter="false" isSetter="false">
              <Summary numSequencePoints="1" visitedSequencePoints="0" numBranchPoints="1" visitedBranchPoints="0" sequenceCoverage="0" branchCoverage="0" maxCyclomaticComplexity="1" minCyclomaticComplexity="1" maxCrapScore="2" minCrapScore="2" visitedClasses="0" numClasses="0" visitedMethods="0" numMethods="1" />
              <MetadataToken>100663365</MetadataToken>
              <Name>System.Void Mov4eTests.ServiceTests.RegisterServiceTests.TestsRegisterService/&lt;&gt;c__DisplayClass1_0::&lt;SaveUserThrowsExceptionBecauseOfTheUserName&gt;b__0()</Name>
              <FileRef uid="6" />
              <SequencePoints>
                <SequencePoint vc="0" uspid="163" ordinal="0" offset="0" sl="28" sc="61" el="28" ec="108" bec="0" bev="0" fileid="6" />
              </SequencePoints>
              <BranchPoints />
              <MethodPoint xsi:type="SequencePoint" vc="0" uspid="163" ordinal="0" offset="0" sl="28" sc="61" el="28" ec="108" bec="0" bev="0" fileid="6" />
            </Method>
          </Methods>
        </Class>
        <Class>
          <Summary numSequencePoints="1" visitedSequencePoints="0" numBranchPoints="1" visitedBranchPoints="0" sequenceCoverage="0" branchCoverage="0" maxCyclomaticComplexity="1" minCyclomaticComplexity="1" maxCrapScore="2" minCrapScore="2" visitedClasses="0" numClasses="1" visitedMethods="0" numMethods="1" />
          <FullName>Mov4eTests.ServiceTests.RegisterServiceTests.TestsRegisterService/&lt;&gt;c__DisplayClass2_0</FullName>
          <Methods>
            <Method visited="false" cyclomaticComplexity="1" nPathComplexity="0" sequenceCoverage="0" branchCoverage="0" crapScore="2" isConstructor="true" isStatic="false" isGetter="false" isSetter="false">
              <Summary numSequencePoints="0" visitedSequencePoints="0" numBranchPoints="0" visitedBranchPoints="0" sequenceCoverage="0" branchCoverage="0" maxCyclomaticComplexity="1" minCyclomaticComplexity="1" maxCrapScore="2" minCrapScore="2" visitedClasses="0" numClasses="0" visitedMethods="0" numMethods="0" />
              <MetadataToken>100663366</MetadataToken>
              <Name>System.Void Mov4eTests.ServiceTests.RegisterServiceTests.TestsRegisterService/&lt;&gt;c__DisplayClass2_0::.ctor()</Name>
              <SequencePoints />
              <BranchPoints />
              <MethodPoint vc="0" uspid="164" ordinal="0" offset="0" />
            </Method>
            <Method visited="false" cyclomaticComplexity="1" nPathComplexity="0" sequenceCoverage="0" branchCoverage="0" crapScore="2" isConstructor="false" isStatic="false" isGetter="false" isSetter="false">
              <Summary numSequencePoints="1" visitedSequencePoints="0" numBranchPoints="1" visitedBranchPoints="0" sequenceCoverage="0" branchCoverage="0" maxCyclomaticComplexity="1" minCyclomaticComplexity="1" maxCrapScore="2" minCrapScore="2" visitedClasses="0" numClasses="0" visitedMethods="0" numMethods="1" />
              <MetadataToken>100663367</MetadataToken>
              <Name>System.Void Mov4eTests.ServiceTests.RegisterServiceTests.TestsRegisterService/&lt;&gt;c__DisplayClass2_0::&lt;SaveUserThrowsExceptionBecauseOfThePassword&gt;b__0()</Name>
              <FileRef uid="6" />
              <SequencePoints>
                <SequencePoint vc="0" uspid="165" ordinal="0" offset="0" sl="36" sc="61" el="36" ec="106" bec="0" bev="0" fileid="6" />
              </SequencePoints>
              <BranchPoints />
              <MethodPoint xsi:type="SequencePoint" vc="0" uspid="165" ordinal="0" offset="0" sl="36" sc="61" el="36" ec="106" bec="0" bev="0" fileid="6" />
            </Method>
          </Methods>
        </Class>
        <Class>
          <Summary numSequencePoints="1" visitedSequencePoints="0" numBranchPoints="1" visitedBranchPoints="0" sequenceCoverage="0" branchCoverage="0" maxCyclomaticComplexity="1" minCyclomaticComplexity="1" maxCrapScore="2" minCrapScore="2" visitedClasses="0" numClasses="1" visitedMethods="0" numMethods="1" />
          <FullName>Mov4eTests.ServiceTests.RegisterServiceTests.TestsRegisterService/&lt;&gt;c__DisplayClass3_0</FullName>
          <Methods>
            <Method visited="false" cyclomaticComplexity="1" nPathComplexity="0" sequenceCoverage="0" branchCoverage="0" crapScore="2" isConstructor="true" isStatic="false" isGetter="false" isSetter="false">
              <Summary numSequencePoints="0" visitedSequencePoints="0" numBranchPoints="0" visitedBranchPoints="0" sequenceCoverage="0" branchCoverage="0" maxCyclomaticComplexity="1" minCyclomaticComplexity="1" maxCrapScore="2" minCrapScore="2" visitedClasses="0" numClasses="0" visitedMethods="0" numMethods="0" />
              <MetadataToken>100663368</MetadataToken>
              <Name>System.Void Mov4eTests.ServiceTests.RegisterServiceTests.TestsRegisterService/&lt;&gt;c__DisplayClass3_0::.ctor()</Name>
              <SequencePoints />
              <BranchPoints />
              <MethodPoint vc="0" uspid="166" ordinal="0" offset="0" />
            </Method>
            <Method visited="false" cyclomaticComplexity="1" nPathComplexity="0" sequenceCoverage="0" branchCoverage="0" crapScore="2" isConstructor="false" isStatic="false" isGetter="false" isSetter="false">
              <Summary numSequencePoints="1" visitedSequencePoints="0" numBranchPoints="1" visitedBranchPoints="0" sequenceCoverage="0" branchCoverage="0" maxCyclomaticComplexity="1" minCyclomaticComplexity="1" maxCrapScore="2" minCrapScore="2" visitedClasses="0" numClasses="0" visitedMethods="0" numMethods="1" />
              <MetadataToken>100663369</MetadataToken>
              <Name>System.Void Mov4eTests.ServiceTests.RegisterServiceTests.TestsRegisterService/&lt;&gt;c__DisplayClass3_0::&lt;SaveUserInfoSaveingOk&gt;b__0()</Name>
              <FileRef uid="6" />
              <SequencePoints>
                <SequencePoint vc="0" uspid="167" ordinal="0" offset="0" sl="44" sc="39" el="44" ec="109" bec="0" bev="0" fileid="6" />
              </SequencePoints>
              <BranchPoints />
              <MethodPoint xsi:type="SequencePoint" vc="0" uspid="167" ordinal="0" offset="0" sl="44" sc="39" el="44" ec="109" bec="0" bev="0" fileid="6" />
            </Method>
          </Methods>
        </Class>
        <Class>
          <Summary numSequencePoints="1" visitedSequencePoints="0" numBranchPoints="1" visitedBranchPoints="0" sequenceCoverage="0" branchCoverage="0" maxCyclomaticComplexity="1" minCyclomaticComplexity="1" maxCrapScore="2" minCrapScore="2" visitedClasses="0" numClasses="1" visitedMethods="0" numMethods="1" />
          <FullName>Mov4eTests.ServiceTests.RegisterServiceTests.TestsRegisterService/&lt;&gt;c__DisplayClass4_0</FullName>
          <Methods>
            <Method visited="false" cyclomaticComplexity="1" nPathComplexity="0" sequenceCoverage="0" branchCoverage="0" crapScore="2" isConstructor="true" isStatic="false" isGetter="false" isSetter="false">
              <Summary numSequencePoints="0" visitedSequencePoints="0" numBranchPoints="0" visitedBranchPoints="0" sequenceCoverage="0" branchCoverage="0" maxCyclomaticComplexity="1" minCyclomaticComplexity="1" maxCrapScore="2" minCrapScore="2" visitedClasses="0" numClasses="0" visitedMethods="0" numMethods="0" />
              <MetadataToken>100663370</MetadataToken>
              <Name>System.Void Mov4eTests.ServiceTests.RegisterServiceTests.TestsRegisterService/&lt;&gt;c__DisplayClass4_0::.ctor()</Name>
              <SequencePoints />
              <BranchPoints />
              <MethodPoint vc="0" uspid="168" ordinal="0" offset="0" />
            </Method>
            <Method visited="false" cyclomaticComplexity="1" nPathComplexity="0" sequenceCoverage="0" branchCoverage="0" crapScore="2" isConstructor="false" isStatic="false" isGetter="false" isSetter="false">
              <Summary numSequencePoints="1" visitedSequencePoints="0" numBranchPoints="1" visitedBranchPoints="0" sequenceCoverage="0" branchCoverage="0" maxCyclomaticComplexity="1" minCyclomaticComplexity="1" maxCrapScore="2" minCrapScore="2" visitedClasses="0" numClasses="0" visitedMethods="0" numMethods="1" />
              <MetadataToken>100663371</MetadataToken>
              <Name>System.Void Mov4eTests.ServiceTests.RegisterServiceTests.TestsRegisterService/&lt;&gt;c__DisplayClass4_0::&lt;SaveUserInfoThrowsExceptionBecauseOfTheFirstNameOrLastName&gt;b__0()</Name>
              <FileRef uid="6" />
              <SequencePoints>
                <SequencePoint vc="0" uspid="169" ordinal="0" offset="0" sl="52" sc="61" el="52" ec="121" bec="0" bev="0" fileid="6" />
              </SequencePoints>
              <BranchPoints />
              <MethodPoint xsi:type="SequencePoint" vc="0" uspid="169" ordinal="0" offset="0" sl="52" sc="61" el="52" ec="121" bec="0" bev="0" fileid="6" />
            </Method>
          </Methods>
        </Class>
        <Class>
          <Summary numSequencePoints="1" visitedSequencePoints="0" numBranchPoints="1" visitedBranchPoints="0" sequenceCoverage="0" branchCoverage="0" maxCyclomaticComplexity="1" minCyclomaticComplexity="1" maxCrapScore="2" minCrapScore="2" visitedClasses="0" numClasses="1" visitedMethods="0" numMethods="1" />
          <FullName>Mov4eTests.ServiceTests.RegisterServiceTests.TestsRegisterService/&lt;&gt;c__DisplayClass5_0</FullName>
          <Methods>
            <Method visited="false" cyclomaticComplexity="1" nPathComplexity="0" sequenceCoverage="0" branchCoverage="0" crapScore="2" isConstructor="true" isStatic="false" isGetter="false" isSetter="false">
              <Summary numSequencePoints="0" visitedSequencePoints="0" numBranchPoints="0" visitedBranchPoints="0" sequenceCoverage="0" branchCoverage="0" maxCyclomaticComplexity="1" minCyclomaticComplexity="1" maxCrapScore="2" minCrapScore="2" visitedClasses="0" numClasses="0" visitedMethods="0" numMethods="0" />
              <MetadataToken>100663372</MetadataToken>
              <Name>System.Void Mov4eTests.ServiceTests.RegisterServiceTests.TestsRegisterService/&lt;&gt;c__DisplayClass5_0::.ctor()</Name>
              <SequencePoints />
              <BranchPoints />
              <MethodPoint vc="0" uspid="170" ordinal="0" offset="0" />
            </Method>
            <Method visited="false" cyclomaticComplexity="1" nPathComplexity="0" sequenceCoverage="0" branchCoverage="0" crapScore="2" isConstructor="false" isStatic="false" isGetter="false" isSetter="false">
              <Summary numSequencePoints="1" visitedSequencePoints="0" numBranchPoints="1" visitedBranchPoints="0" sequenceCoverage="0" branchCoverage="0" maxCyclomaticComplexity="1" minCyclomaticComplexity="1" maxCrapScore="2" minCrapScore="2" visitedClasses="0" numClasses="0" visitedMethods="0" numMethods="1" />
              <MetadataToken>100663373</MetadataToken>
              <Name>System.Void Mov4eTests.ServiceTests.RegisterServiceTests.TestsRegisterService/&lt;&gt;c__DisplayClass5_0::&lt;SaveUserInfoThrowsExceptionBecauseOfTheEmail&gt;b__0()</Name>
              <FileRef uid="6" />
              <SequencePoints>
                <SequencePoint vc="0" uspid="171" ordinal="0" offset="0" sl="60" sc="61" el="60" ec="130" bec="0" bev="0" fileid="6" />
              </SequencePoints>
              <BranchPoints />
              <MethodPoint xsi:type="SequencePoint" vc="0" uspid="171" ordinal="0" offset="0" sl="60" sc="61" el="60" ec="130" bec="0" bev="0" fileid="6" />
            </Method>
          </Methods>
        </Class>
        <Class>
          <Summary numSequencePoints="1" visitedSequencePoints="0" numBranchPoints="1" visitedBranchPoints="0" sequenceCoverage="0" branchCoverage="0" maxCyclomaticComplexity="1" minCyclomaticComplexity="1" maxCrapScore="2" minCrapScore="2" visitedClasses="0" numClasses="1" visitedMethods="0" numMethods="1" />
          <FullName>Mov4eTests.ServiceTests.RegisterServiceTests.TestsRegisterService/&lt;&gt;c__DisplayClass6_0</FullName>
          <Methods>
            <Method visited="false" cyclomaticComplexity="1" nPathComplexity="0" sequenceCoverage="0" branchCoverage="0" crapScore="2" isConstructor="true" isStatic="false" isGetter="false" isSetter="false">
[...]
                <SequencePoint vc="0" uspid="309" ordinal="4" offset="16" sl="42" sc="51" el="42" ec="73" bec="0" bev="0" fileid="24" />
                <SequencePoint vc="0" uspid="310" ordinal="5" offset="22" sl="43" sc="43" el="43" ec="44" bec="0" bev="0" fileid="24" />
              </SequencePoints>
              <BranchPoints>
                <BranchPoint vc="0" uspid="311" ordinal="0" offset="9" sl="37" path="0" offsetend="11" fileid="24" />
                <BranchPoint vc="0" uspid="312" ordinal="1" offset="9" sl="37" path="1" offsetend="16" fileid="24" />
              </BranchPoints>
              <MethodPoint xsi:type="SequencePoint" vc="0" uspid="305" ordinal="0" offset="0" sl="36" sc="43" el="36" ec="44" bec="0" bev="0" fileid="24" />
            </Method>
          </Methods>
        </Class>
        <Class>
          <Summary numSequencePoints="4" visitedSequencePoints="0" numBranchPoints="1" visitedBranchPoints="0" sequenceCoverage="0" branchCoverage="0" maxCyclomaticComplexity="1" minCyclomaticComplexity="1" maxCrapScore="2" minCrapScore="2" visitedClasses="0" numClasses="1" visitedMethods="0" numMethods="1" />
          <FullName>Mov4eTests.PresenterTests.LogInPresenterTests.LogInServiceMockedDummy/&lt;&gt;c</FullName>
          <Methods>
            <Method visited="false" cyclomaticComplexity="1" nPathComplexity="0" sequenceCoverage="0" branchCoverage="0" crapScore="2" isConstructor="true" isStatic="true" isGetter="false" isSetter="false">
              <Summary numSequencePoints="0" visitedSequencePoints="0" numBranchPoints="0" visitedBranchPoints="0" sequenceCoverage="0" branchCoverage="0" maxCyclomaticComplexity="1" minCyclomaticComplexity="1" maxCrapScore="2" minCrapScore="2" visitedClasses="0" numClasses="0" visitedMethods="0" numMethods="0" />
              <MetadataToken>100663392</MetadataToken>
              <Name>System.Void Mov4eTests.PresenterTests.LogInPresenterTests.LogInServiceMockedDummy/&lt;&gt;c::.cctor()</Name>
              <SequencePoints />
              <BranchPoints />
              <MethodPoint vc="0" uspid="313" ordinal="0" offset="0" />
            </Method>
            <Method visited="false" cyclomaticComplexity="1" nPathComplexity="0" sequenceCoverage="0" branchCoverage="0" crapScore="2" isConstructor="true" isStatic="false" isGetter="false" isSetter="false">
              <Summary numSequencePoints="0" visitedSequencePoints="0" numBranchPoints="0" visitedBranchPoints="0" sequenceCoverage="0" branchCoverage="0" maxCyclomaticComplexity="1" minCyclomaticComplexity="1" maxCrapScore="2" minCrapScore="2" visitedClasses="0" numClasses="0" visitedMethods="0" numMethods="0" />
              <MetadataToken>100663393</MetadataToken>
              <Name>System.Void Mov4eTests.PresenterTests.LogInPresenterTests.LogInServiceMockedDummy/&lt;&gt;c::.ctor()</Name>
              <SequencePoints />
              <BranchPoints />
              <MethodPoint vc="0" uspid="314" ordinal="0" offset="0" />
            </Method>
            <Method visited="false" cyclomaticComplexity="1" nPathComplexity="0" sequenceCoverage="0" branchCoverage="0" crapScore="2" isConstructor="false" isStatic="false" isGetter="false" isSetter="false">
              <Summary numSequencePoints="4" visitedSequencePoints="0" numBranchPoints="1" visitedBranchPoints="0" sequenceCoverage="0" branchCoverage="0" maxCyclomaticComplexity="1" minCyclomaticComplexity="1" maxCrapScore="2" minCrapScore="2" visitedClasses="0" numClasses="0" visitedMethods="0" numMethods="1" />
              <MetadataToken>100663394</MetadataToken>
              <Name>System.Void Mov4eTests.PresenterTests.LogInPresenterTests.LogInServiceMockedDummy/&lt;&gt;c::&lt;.ctor&gt;b__2_1(System.String,System.String)</Name>
              <FileRef uid="24" />
              <SequencePoints>
                <SequencePoint vc="0" uspid="315" ordinal="0" offset="0" sl="23" sc="82" el="23" ec="83" bec="0" bev="0" fileid="24" />
                <SequencePoint vc="0" uspid="316" ordinal="1" offset="1" sl="23" sc="84" el="23" ec="96" bec="0" bev="0" fileid="24" />
                <SequencePoint vc="0" uspid="317" ordinal="2" offset="4" sl="23" sc="97" el="23" ec="108" bec="0" bev="0" fileid="24" />
                <SequencePoint vc="0" uspid="318" ordinal="3" offset="7" sl="23" sc="109" el="23" ec="110" bec="0" bev="0" fileid="24" />
              </SequencePoints>
              <BranchPoints />
              <MethodPoint xsi:type="SequencePoint" vc="0" uspid="315" ordinal="0" offset="0" sl="23" sc="82" el="23" ec="83" bec="0" bev="0" fileid="24" />
            </Method>
          </Methods>
        </Class>
        <Class>
          <Summary numSequencePoints="38" visitedSequencePoints="0" numBranchPoints="3" visitedBranchPoints="0" sequenceCoverage="0" branchCoverage="0" maxCyclomaticComplexity="1" minCyclomaticComplexity="1" maxCrapScore="2" minCrapScore="2" visitedClasses="0" numClasses="1" visitedMethods="0" numMethods="3" />
          <FullName>Mov4eTests.PresenterTests.LogInPresenterTests.TestsLogInPresenter</FullName>
          <Methods>
            <Method visited="false" cyclomaticComplexity="1" nPathComplexity="0" sequenceCoverage="0" branchCoverage="0" crapScore="2" isConstructor="false" isStatic="false" isGetter="false" isSetter="false">
              <Summary numSequencePoints="13" visitedSequencePoints="0" numBranchPoints="1" visitedBranchPoints="0" sequenceCoverage="0" branchCoverage="0" maxCyclomaticComplexity="1" minCyclomaticComplexity="1" maxCrapScore="2" minCrapScore="2" visitedClasses="0" numClasses="0" visitedMethods="0" numMethods="1" />
              <MetadataToken>100663343</MetadataToken>
              <Name>System.Void Mov4eTests.PresenterTests.LogInPresenterTests.TestsLogInPresenter::LogUserLogsAndStay()</Name>
              <FileRef uid="26" />
              <SequencePoints>
                <SequencePoint vc="0" uspid="319" ordinal="0" offset="0" sl="19" sc="9" el="19" ec="10" bec="0" bev="0" fileid="26" />
                <SequencePoint vc="0" uspid="320" ordinal="1" offset="1" sl="20" sc="13" el="20" ec="85" bec="0" bev="0" fileid="26" />
                <SequencePoint vc="0" uspid="321" ordinal="2" offset="7" sl="21" sc="13" el="21" ec="44" bec="0" bev="0" fileid="26" />
                <SequencePoint vc="0" uspid="322" ordinal="3" offset="14" sl="22" sc="13" el="22" ec="99" bec="0" bev="0" fileid="26" />
                <SequencePoint vc="0" uspid="323" ordinal="4" offset="27" sl="23" sc="13" el="23" ec="38" bec="0" bev="0" fileid="26" />
                <SequencePoint vc="0" uspid="324" ordinal="5" offset="34" sl="24" sc="13" el="24" ec="70" bec="0" bev="0" fileid="26" />
                <SequencePoint vc="0" uspid="325" ordinal="6" offset="61" sl="25" sc="13" el="25" ec="85" bec="0" bev="0" fileid="26" />
                <SequencePoint vc="0" uspid="326" ordinal="7" offset="82" sl="27" sc="13" el="27" ec="54" bec="0" bev="0" fileid="26" />
                <SequencePoint vc="0" uspid="327" ordinal="8" offset="94" sl="28" sc="13" el="28" ec="75" bec="0" bev="0" fileid="26" />
                <SequencePoint vc="0" uspid="328" ordinal="9" offset="110" sl="29" sc="13" el="29" ec="62" bec="0" bev="0" fileid="26" />
                <SequencePoint vc="0" uspid="329" ordinal="10" offset="122" sl="30" sc="13" el="30" ec="72" bec="0" bev="0" fileid="26" />
                <SequencePoint vc="0" uspid="330" ordinal="11" offset="134" sl="31" sc="13" el="31" ec="54" bec="0" bev="0" fileid="26" />
                <SequencePoint vc="0" uspid="331" ordinal="12" offset="145" sl="32" sc="9" el="32" ec="10" bec="0" bev="0" fileid="26" />
              </SequencePoints>
              <BranchPoints />
              <MethodPoint xsi:type="SequencePoint" vc="0" uspid="319" ordinal="0" offset="0" sl="19" sc="9" el="19" ec="10" bec="0" bev="0" fileid="26" />
            </Method>
            <Method visited="false" cyclomaticComplexity="1" nPathComplexity="0" sequenceCoverage="0" branchCoverage="0" crapScore="2" isConstructor="false" isStatic="false" isGetter="false" isSetter="false">
              <Summary numSequencePoints="13" visitedSequencePoints="0" numBranchPoints="1" visitedBranchPoints="0" sequenceCoverage="0" branchCoverage="0" maxCyclomaticComplexity="1" minCyclomaticComplexity="1" maxCrapScore="2" minCrapScore="2" visitedClasses="0" numClasses="0" visitedMethods="0" numMethods="1" />
              <MetadataToken>100663344</MetadataToken>
              <Name>System.Void Mov4eTests.PresenterTests.LogInPresenterTests.TestsLogInPresenter::LogUserLogsAndDontStay()</Name>
              <FileRef uid="26" />
              <SequencePoints>
                <SequencePoint vc="0" uspid="332" ordinal="0" offset="0" sl="36" sc="9" el="36" ec="10" bec="0" bev="0" fileid="26" />
                <SequencePoint vc="0" uspid="333" ordinal="1" offset="1" sl="37" sc="13" el="37" ec="85" bec="0" bev="0" fileid="26" />
                <SequencePoint vc="0" uspid="334" ordinal="2" offset="7" sl="38" sc="13" el="38" ec="44" bec="0" bev="0" fileid="26" />
                <SequencePoint vc="0" uspid="335" ordinal="3" offset="14" sl="39" sc="13" el="39" ec="100" bec="0" bev="0" fileid="26" />
                <SequencePoint vc="0" uspid="336" ordinal="4" offset="27" sl="40" sc="13" el="40" ec="38" bec="0" bev="0" fileid="26" />
                <SequencePoint vc="0" uspid="337" ordinal="5" offset="34" sl="41" sc="13" el="41" ec="70" bec="0" bev="0" fileid="26" />
                <SequencePoint vc="0" uspid="338" ordinal="6" offset="61" sl="42" sc="13" el="42" ec="86" bec="0" bev="0" fileid="26" />
                <SequencePoint vc="0" uspid="339" ordinal="7" offset="82" sl="44" sc="13" el="44" ec="54" bec="0" bev="0" fileid="26" />
                <SequencePoint vc="0" uspid="340" ordinal="8" offset="94" sl="45" sc="13" el="45" ec="75" bec="0" bev="0" fileid="26" />
                <SequencePoint vc="0" uspid="341" ordinal="9" offset="110" sl="46" sc="13" el="46" ec="62" bec="0" bev="0" fileid="26" />
                <SequencePoint vc="0" uspid="342" ordinal="10" offset="122" sl="47" sc="13" el="47" ec="72" bec="0" bev="0" fileid="26" />
                <SequencePoint vc="0" uspid="343" ordinal="11" offset="134" sl="48" sc="13" el="48" ec="54" bec="0" bev="0" fileid="26" />
                <SequencePoint vc="0" uspid="344" ordinal="12" offset="145" sl="49" sc="9" el="49" ec="10" bec="0" bev="0" fileid="26" />
              </SequencePoints>
              <BranchPoints />
              <MethodPoint xsi:type="SequencePoint" vc="0" uspid="332" ordinal="0" offset="0" sl="36" sc="9" el="36" ec="10" bec="0" bev="0" fileid="26" />
            </Method>
            <Method visited="false" cyclomaticComplexity="1" nPathComplexity="0" sequenceCoverage="0" branchCoverage="0" crapScore="2" isConstructor="false" isStatic="false" isGetter="false" isSetter="false">
              <Summary numSequencePoints="12" visitedSequencePoints="0" numBranchPoints="1" visitedBranchPoints="0" sequenceCoverage="0" branchCoverage="0" maxCyclomaticComplexity="1" minCyclomaticComplexity="1" maxCrapScore="2" minCrapScore="2" visitedClasses="0" numClasses="0" visitedMethods="0" numMethods="1" />
              <MetadataToken>100663345</MetadataToken>
              <Name>System.Void Mov4eTests.PresenterTests.LogInPresenterTests.TestsLogInPresenter::LogUserReturnsException()</Name>
              <FileRef uid="26" />
              <SequencePoints>
                <SequencePoint vc="0" uspid="345" ordinal="0" offset="0" sl="53" sc="9" el="53" ec="10" bec="0" bev="0" fileid="26" />
                <SequencePoint vc="0" uspid="346" ordinal="1" offset="1" sl="55" sc="13" el="55" ec="85" bec="0" bev="0" fileid="26" />
                <SequencePoint vc="0" uspid="347" ordinal="2" offset="7" sl="56" sc="13" el="56" ec="45" bec="0" bev="0" fileid="26" />
                <SequencePoint vc="0" uspid="348" ordinal="3" offset="14" sl="57" sc="13" el="57" ec="100" bec="0" bev="0" fileid="26" />
                <SequencePoint vc="0" uspid="349" ordinal="4" offset="27" sl="58" sc="13" el="58" ec="38" bec="0" bev="0" fileid="26" />
                <SequencePoint vc="0" uspid="350" ordinal="5" offset="34" sl="59" sc="13" el="59" ec="91" bec="0" bev="0" fileid="26" />
                <SequencePoint vc="0" uspid="351" ordinal="6" offset="55" sl="61" sc="13" el="61" ec="54" bec="0" bev="0" fileid="26" />
                <SequencePoint vc="0" uspid="352" ordinal="7" offset="67" sl="62" sc="13" el="62" ec="67" bec="0" bev="0" fileid="26" />
                <SequencePoint vc="0" uspid="353" ordinal="8" offset="79" sl="63" sc="13" el="63" ec="62" bec="0" bev="0" fileid="26" />
                <SequencePoint vc="0" uspid="354" ordinal="9" offset="91" sl="64" sc="13" el="64" ec="72" bec="0" bev="0" fileid="26" />
                <SequencePoint vc="0" uspid="355" ordinal="10" offset="103" sl="65" sc="13" el="65" ec="54" bec="0" bev="0" fileid="26" />
                <SequencePoint vc="0" uspid="356" ordinal="11" offset="114" sl="66" sc="9" el="66" ec="10" bec="0" bev="0" fileid="26" />
              </SequencePoints>
              <BranchPoints />
              <MethodPoint xsi:type="SequencePoint" vc="0" uspid="345" ordinal="0" offset="0" sl="53" sc="9" el="53" ec="10" bec="0" bev="0" fileid="26" />
            </Method>
            <Method visited="false" cyclomaticComplexity="1" nPathComplexity="0" sequenceCoverage="0" branchCoverage="0" crapScore="2" isConstructor="true" isStatic="false" isGetter="false" isSetter="false">
              <Summary numSequencePoints="0" visitedSequencePoints="0" numBranchPoints="0" visitedBranchPoints="0" sequenceCoverage="0" branchCoverage="0" maxCyclomaticComplexity="1" minCyclomaticComplexity="1" maxCrapScore="2" minCrapScore="2" visitedClasses="0" numClasses="0" visitedMethods="0" numMethods="0" />
              <MetadataToken>100663346</MetadataToken>
              <Name>System.Void Mov4eTests.PresenterTests.LogInPresenterTests.TestsLogInPresenter::.ctor()</Name>
              <SequencePoints />
              <BranchPoints />
              <MethodPoint vc="0" uspid="357" ordinal="0" offset="0" />
            </Method>
          </Methods>
        </Class>
      </Classes>
      <TrackedMethods>
        <TrackedMethod uid="1" token="100663297" name="System.Void Mov4eTests.ValidationTests.RegisterValidationTests::isUserNameTakenThrowsException()" strategy="NUnitTest" />
        <TrackedMethod uid="2" token="100663298" name="System.Void Mov4eTests.ValidationTests.RegisterValidationTests::isUserValidThrowsException()" strategy="NUnitTest" />
        <TrackedMethod uid="3" token="100663299" name="System.Void Mov4eTests.ValidationTests.RegisterValidationTests::isPasswordisPasswordCorrectThrowsException()" strategy="NUnitTest" />
        <TrackedMethod uid="4" token="100663300" name="System.Void Mov4eTests.ValidationTests.RegisterValidationTests::areFirstAndLastNameValidThrowsException()" strategy="NUnitTest" />
        <TrackedMethod uid="5" token="100663301" name="System.Void Mov4eTests.ValidationTests.RegisterValidationTests::isEMailCorrectThrowsException()" strategy="NUnitTest" />
        <TrackedMethod uid="6" token="100663302" name="System.Void Mov4eTests.ValidationTests.RegisterValidationTests::isEMailCorrectMailIsCorrect()" strategy="NUnitTest" />
        <TrackedMethod uid="7" token="100663303" name="System.Void Mov4eTests.ValidationTests.RegisterValidationTests::isEMailTakenThrowsException()" strategy="NUnitTest" />
        <TrackedMethod uid="8" token="100663304" name="System.Void Mov4eTests.ValidationTests.RegisterValidationTests::isGenderValidThrowsException()" strategy="NUnitTest" />
        <TrackedMethod uid="9" token="100663305" name="System.Void Mov4eTests.ValidationTests.RegisterValidationTests::isAgeValidThrowsException()" strategy="NUnitTest" />
        <TrackedMethod uid="10" token="100663309" name="System.Void Mov4eTests.ValidationTests.ValidateLoginTests::isLoginInformatinOkThrowsException()" strategy="NUnitTest" />
        <TrackedMethod uid="11" token="100663310" name="System.Void Mov4eTests.ValidationTests.ValidateLoginTests::UserExistsThrowsException()" strategy="NUnitTest" />
        <TrackedMethod uid="12" token="100663314" name="System.Void Mov4eTests.ServiceTests.RegisterServiceTests.TestsRegisterService::SaveUserSavesUser()" strategy="NUnitTest" />
        <TrackedMethod uid="13" token="100663315" name="System.Void Mov4eTests.ServiceTests.RegisterServiceTests.TestsRegisterService::SaveUserThrowsExceptionBecauseOfTheUserName()" strategy="NUnitTest" />
        <TrackedMethod uid="14" token="100663316" name="System.Void Mov4eTests.ServiceTests.RegisterServiceTests.TestsRegisterService::SaveUserThrowsExceptionBecauseOfThePassword()" strategy="NUnitTest" />
        <TrackedMethod uid="15" token="100663317" name="System.Void Mov4eTests.ServiceTests.RegisterServiceTests.TestsRegisterService::SaveUserInfoSaveingOk()" strategy="NUnitTest" />
        <TrackedMethod uid="16" token="100663318" name="System.Void Mov4eTests.ServiceTests.RegisterServiceTests.TestsRegisterService::SaveUserInfoThrowsExceptionBecauseOfTheFirstNameOrLastName()" strategy="NUnitTest" />
        <TrackedMethod uid="17" token="100663319" name="System.Void Mov4eTests.ServiceTests.RegisterServiceTests.TestsRegisterService::SaveUserInfoThrowsExceptionBecauseOfTheEmail()" strategy="NUnitTest" />
        <TrackedMethod uid="18" token="100663320" name="System.Void Mov4eTests.ServiceTests.RegisterServiceTests.TestsRegisterService::SaveUserInfoThrowsExceptionBecauseOfTheGender()" strategy="NUnitTest" />
        <TrackedMethod uid="19" token="100663321" name="System.Void Mov4eTests.ServiceTests.RegisterServiceTests.TestsRegisterService::SaveUserInfoThrowsExceptionBecauseOfTheAge()" strategy="NUnitTest" />
        <TrackedMethod uid="20" token="100663322" name="System.Void Mov4eTests.ServiceTests.RegisterServiceTests.TestsRegisterService::SaveDataInDBIsOK()" strategy="NUnitTest" />
        <TrackedMethod uid="21" token="100663328" name="System.Void Mov4eTests.ServiceTests.LoginServiceTests.TestsLoginService::CorrectLogInThrowsException()" strategy="NUnitTest" />
        <TrackedMethod uid="22" token="100663329" name="System.Void Mov4eTests.ServiceTests.LoginServiceTests.TestsLoginService::SaveDataFromViewisSavingDataInModel()" strategy="NUnitTest" />
        <TrackedMethod uid="23" token="100663330" name="System.Void Mov4eTests.ServiceTests.LoginServiceTests.TestsLoginService::GetPasswordFromDBIsGettingPassword()" strategy="NUnitTest" />
        <TrackedMethod uid="24" token="100663331" name="System.Void Mov4eTests.ServiceTests.LoginServiceTests.TestsLoginService::CorrectLogInReturnsTrue()" strategy="NUnitTest" />
        <TrackedMethod uid="25" token="100663332" name="System.Void Mov4eTests.ServiceTests.LoginServiceTests.TestsLoginService::GePositionReturnsPosition()" strategy="NUnitTest" />
        <TrackedMethod uid="26" token="100663338" name="System.Void Mov4eTests.PresenterTests.RegisterPresenterTests.TestsRegisterPresenter::RegisterUserRegisters()" strategy="NUnitTest" />
        <TrackedMethod uid="27" token="100663339" name="System.Void Mov4eTests.PresenterTests.RegisterPresenterTests.TestsRegisterPresenter::RegisterUserThrowsException()" strategy="NUnitTest" />
        <TrackedMethod uid="28" token="100663343" name="System.Void Mov4eTests.PresenterTests.LogInPresenterTests.TestsLogInPresenter::LogUserLogsAndStay()" strategy="NUnitTest" />
        <TrackedMethod uid="29" token="100663344" name="System.Void Mov4eTests.PresenterTests.LogInPresenterTests.TestsLogInPresenter::LogUserLogsAndDontStay()" strategy="NUnitTest" />
        <TrackedMethod uid="30" token="100663345" name="System.Void Mov4eTests.PresenterTests.LogInPresenterTests.TestsLogInPresenter::LogUserReturnsException()" strategy="NUnitTest" />
      </TrackedMethods>
    </Module>
  </Modules>
</CoverageSession>